[0.346s] Invoking command in '/mnt/c/Users/nacho/OneDrive/Escritorio/Uni/Trabajo/TutorialROS2/arduinobot_ws/build/arduinobot_cpp_examples': CMAKE_PREFIX_PATH=${CMAKE_PREFIX_PATH}:/home/nacho/arduinobot_ws/install/arduinobot_py_examples:/mnt/c/Users/nacho/OneDrive/Escritorio/Uni/Trabajo/TutorialROS2/arduinobot_ws/install/arduinobot_py_examples:/opt/ros/jazzy /usr/bin/cmake --build /mnt/c/Users/nacho/OneDrive/Escritorio/Uni/Trabajo/TutorialROS2/arduinobot_ws/build/arduinobot_cpp_examples -- -j20 -l20
[0.511s] [100%] Built target simple_subscriber
[0.512s] [100%] Built target simple_publisher
[1.116s] Invoked command in '/mnt/c/Users/nacho/OneDrive/Escritorio/Uni/Trabajo/TutorialROS2/arduinobot_ws/build/arduinobot_cpp_examples' returned '0': CMAKE_PREFIX_PATH=${CMAKE_PREFIX_PATH}:/home/nacho/arduinobot_ws/install/arduinobot_py_examples:/mnt/c/Users/nacho/OneDrive/Escritorio/Uni/Trabajo/TutorialROS2/arduinobot_ws/install/arduinobot_py_examples:/opt/ros/jazzy /usr/bin/cmake --build /mnt/c/Users/nacho/OneDrive/Escritorio/Uni/Trabajo/TutorialROS2/arduinobot_ws/build/arduinobot_cpp_examples -- -j20 -l20
[1.130s] Invoking command in '/mnt/c/Users/nacho/OneDrive/Escritorio/Uni/Trabajo/TutorialROS2/arduinobot_ws/build/arduinobot_cpp_examples': CMAKE_PREFIX_PATH=${CMAKE_PREFIX_PATH}:/home/nacho/arduinobot_ws/install/arduinobot_py_examples:/mnt/c/Users/nacho/OneDrive/Escritorio/Uni/Trabajo/TutorialROS2/arduinobot_ws/install/arduinobot_py_examples:/opt/ros/jazzy /usr/bin/cmake --install /mnt/c/Users/nacho/OneDrive/Escritorio/Uni/Trabajo/TutorialROS2/arduinobot_ws/build/arduinobot_cpp_examples
[1.140s] -- Install configuration: ""
[1.174s] -- Up-to-date: /mnt/c/Users/nacho/OneDrive/Escritorio/Uni/Trabajo/TutorialROS2/arduinobot_ws/install/arduinobot_cpp_examples/lib/arduinobot_cpp_examples/simple_publisher
[1.237s] -- Up-to-date: /mnt/c/Users/nacho/OneDrive/Escritorio/Uni/Trabajo/TutorialROS2/arduinobot_ws/install/arduinobot_cpp_examples/lib/arduinobot_cpp_examples/simple_subscriber
[1.295s] -- Up-to-date: /mnt/c/Users/nacho/OneDrive/Escritorio/Uni/Trabajo/TutorialROS2/arduinobot_ws/install/arduinobot_cpp_examples/share/ament_index/resource_index/package_run_dependencies/arduinobot_cpp_examples
[1.321s] -- Up-to-date: /mnt/c/Users/nacho/OneDrive/Escritorio/Uni/Trabajo/TutorialROS2/arduinobot_ws/install/arduinobot_cpp_examples/share/ament_index/resource_index/parent_prefix_path/arduinobot_cpp_examples
[1.332s] -- Up-to-date: /mnt/c/Users/nacho/OneDrive/Escritorio/Uni/Trabajo/TutorialROS2/arduinobot_ws/install/arduinobot_cpp_examples/share/arduinobot_cpp_examples/environment/ament_prefix_path.sh
[1.350s] -- Up-to-date: /mnt/c/Users/nacho/OneDrive/Escritorio/Uni/Trabajo/TutorialROS2/arduinobot_ws/install/arduinobot_cpp_examples/share/arduinobot_cpp_examples/environment/ament_prefix_path.dsv
[1.363s] -- Up-to-date: /mnt/c/Users/nacho/OneDrive/Escritorio/Uni/Trabajo/TutorialROS2/arduinobot_ws/install/arduinobot_cpp_examples/share/arduinobot_cpp_examples/environment/path.sh
[1.379s] -- Up-to-date: /mnt/c/Users/nacho/OneDrive/Escritorio/Uni/Trabajo/TutorialROS2/arduinobot_ws/install/arduinobot_cpp_examples/share/arduinobot_cpp_examples/environment/path.dsv
[1.393s] -- Up-to-date: /mnt/c/Users/nacho/OneDrive/Escritorio/Uni/Trabajo/TutorialROS2/arduinobot_ws/install/arduinobot_cpp_examples/share/arduinobot_cpp_examples/local_setup.bash
[1.407s] -- Up-to-date: /mnt/c/Users/nacho/OneDrive/Escritorio/Uni/Trabajo/TutorialROS2/arduinobot_ws/install/arduinobot_cpp_examples/share/arduinobot_cpp_examples/local_setup.sh
[1.422s] -- Up-to-date: /mnt/c/Users/nacho/OneDrive/Escritorio/Uni/Trabajo/TutorialROS2/arduinobot_ws/install/arduinobot_cpp_examples/share/arduinobot_cpp_examples/local_setup.zsh
[1.437s] -- Up-to-date: /mnt/c/Users/nacho/OneDrive/Escritorio/Uni/Trabajo/TutorialROS2/arduinobot_ws/install/arduinobot_cpp_examples/share/arduinobot_cpp_examples/local_setup.dsv
[1.450s] -- Installing: /mnt/c/Users/nacho/OneDrive/Escritorio/Uni/Trabajo/TutorialROS2/arduinobot_ws/install/arduinobot_cpp_examples/share/arduinobot_cpp_examples/package.dsv
[1.507s] -- Up-to-date: /mnt/c/Users/nacho/OneDrive/Escritorio/Uni/Trabajo/TutorialROS2/arduinobot_ws/install/arduinobot_cpp_examples/share/ament_index/resource_index/packages/arduinobot_cpp_examples
[1.525s] -- Up-to-date: /mnt/c/Users/nacho/OneDrive/Escritorio/Uni/Trabajo/TutorialROS2/arduinobot_ws/install/arduinobot_cpp_examples/share/arduinobot_cpp_examples/cmake/arduinobot_cpp_examplesConfig.cmake
[1.538s] -- Up-to-date: /mnt/c/Users/nacho/OneDrive/Escritorio/Uni/Trabajo/TutorialROS2/arduinobot_ws/install/arduinobot_cpp_examples/share/arduinobot_cpp_examples/cmake/arduinobot_cpp_examplesConfig-version.cmake
[1.554s] -- Up-to-date: /mnt/c/Users/nacho/OneDrive/Escritorio/Uni/Trabajo/TutorialROS2/arduinobot_ws/install/arduinobot_cpp_examples/share/arduinobot_cpp_examples/package.xml
[1.562s] Invoked command in '/mnt/c/Users/nacho/OneDrive/Escritorio/Uni/Trabajo/TutorialROS2/arduinobot_ws/build/arduinobot_cpp_examples' returned '0': CMAKE_PREFIX_PATH=${CMAKE_PREFIX_PATH}:/home/nacho/arduinobot_ws/install/arduinobot_py_examples:/mnt/c/Users/nacho/OneDrive/Escritorio/Uni/Trabajo/TutorialROS2/arduinobot_ws/install/arduinobot_py_examples:/opt/ros/jazzy /usr/bin/cmake --install /mnt/c/Users/nacho/OneDrive/Escritorio/Uni/Trabajo/TutorialROS2/arduinobot_ws/build/arduinobot_cpp_examples
