[0.303s] Invoking command in '/mnt/c/Users/nacho/OneDrive/Escritorio/Uni/Trabajo/TutorialROS2/arduinobot_ws/build/arduinobot_cpp_examples': CMAKE_PREFIX_PATH=${CMAKE_PREFIX_PATH}:/mnt/c/Users/nacho/OneDrive/Escritorio/Uni/Trabajo/TutorialROS2/arduinobot_ws/install/arduinobot_py_examples:/opt/ros/jazzy /usr/bin/cmake --build /mnt/c/Users/nacho/OneDrive/Escritorio/Uni/Trabajo/TutorialROS2/arduinobot_ws/build/arduinobot_cpp_examples -- -j20 -l20
[0.548s] -- Found ament_cmake: 2.5.4 (/opt/ros/jazzy/share/ament_cmake/cmake)
[1.392s] -- Found rclcpp: 28.1.12 (/opt/ros/jazzy/share/rclcpp/cmake)
[1.761s] -- Found rosidl_generator_c: 4.6.6 (/opt/ros/jazzy/share/rosidl_generator_c/cmake)
[1.814s] -- Found rosidl_generator_cpp: 4.6.6 (/opt/ros/jazzy/share/rosidl_generator_cpp/cmake)
[1.891s] -- Using all available rosidl_typesupport_c: rosidl_typesupport_fastrtps_c;rosidl_typesupport_introspection_c
[1.966s] -- Using all available rosidl_typesupport_cpp: rosidl_typesupport_fastrtps_cpp;rosidl_typesupport_introspection_cpp
[2.277s] -- Found rmw_implementation_cmake: 7.3.2 (/opt/ros/jazzy/share/rmw_implementation_cmake/cmake)
[2.305s] -- Found rmw_fastrtps_cpp: 8.4.3 (/opt/ros/jazzy/share/rmw_fastrtps_cpp/cmake)
[2.782s] -- Using RMW implementation 'rmw_fastrtps_cpp' as default
[3.175s] -- Found std_msgs: 5.3.6 (/opt/ros/jazzy/share/std_msgs/cmake)
[3.214s] -- Found ament_lint_auto: 0.17.3 (/opt/ros/jazzy/share/ament_lint_auto/cmake)
[3.934s] -- Added test 'cppcheck' to perform static code analysis on C / C++ code
[3.935s] -- Configured cppcheck include dirs: 
[3.936s] -- Configured cppcheck exclude dirs and/or files: 
[4.023s] -- Added test 'lint_cmake' to check CMake code style
[4.322s] -- Added test 'uncrustify' to check C / C++ code style
[4.324s] -- Configured uncrustify additional arguments: 
[4.361s] -- Added test 'xmllint' to check XML markup files
[4.426s] -- Configuring done (4.0s)
[5.011s] -- Generating done (0.5s)
[5.355s] -- Build files have been written to: /mnt/c/Users/nacho/OneDrive/Escritorio/Uni/Trabajo/TutorialROS2/arduinobot_ws/build/arduinobot_cpp_examples
[5.558s] [ 16%] [32mBuilding CXX object CMakeFiles/simple_parameter.dir/src/simple_parameter.cpp.o[0m
[5.994s] gmake[2]: Warning: File 'CMakeFiles/simple_publisher.dir/compiler_depend.make' has modification time 0.11 s in the future
[5.999s] gmake[2]: Warning: File 'CMakeFiles/simple_subscriber.dir/compiler_depend.make' has modification time 0.11 s in the future
[6.012s] gmake[2]: warning:  Clock skew detected.  Your build may be incomplete.
[6.013s] gmake[2]: warning:  Clock skew detected.  Your build may be incomplete.
[6.031s] [ 83%] Built target simple_publisher
[6.033s] [ 83%] Built target simple_subscriber
[8.568s] [01m[K/mnt/c/Users/nacho/OneDrive/Escritorio/Uni/Trabajo/TutorialROS2/arduinobot_ws/src/arduinobot_cpp_examples/src/simple_parameter.cpp:[m[K In constructor ‘[01m[KSimpleParameter::[01;32m[KSimpleParameter[m[K()[m[K’:
[8.577s] [01m[K/mnt/c/Users/nacho/OneDrive/Escritorio/Uni/Trabajo/TutorialROS2/arduinobot_ws/src/arduinobot_cpp_examples/src/simple_parameter.cpp:18:47:[m[K [01;31m[Kerror: [m[K‘[01m[KSiimpleParameter[m[K’ has not been declared
[8.578s]    18 |     add_on_set_parameters_callback(std::bind(&[01;31m[KSiimpleParameter[m[K::paramChangeCallback))
[8.581s]       |                                               [01;31m[K^~~~~~~~~~~~~~~~[m[K
[9.341s] gmake[2]: *** [CMakeFiles/simple_parameter.dir/build.make:76: CMakeFiles/simple_parameter.dir/src/simple_parameter.cpp.o] Error 1
[9.343s] gmake[1]: *** [CMakeFiles/Makefile2:193: CMakeFiles/simple_parameter.dir/all] Error 2
[9.344s] gmake: *** [Makefile:146: all] Error 2
[9.347s] Invoked command in '/mnt/c/Users/nacho/OneDrive/Escritorio/Uni/Trabajo/TutorialROS2/arduinobot_ws/build/arduinobot_cpp_examples' returned '2': CMAKE_PREFIX_PATH=${CMAKE_PREFIX_PATH}:/mnt/c/Users/nacho/OneDrive/Escritorio/Uni/Trabajo/TutorialROS2/arduinobot_ws/install/arduinobot_py_examples:/opt/ros/jazzy /usr/bin/cmake --build /mnt/c/Users/nacho/OneDrive/Escritorio/Uni/Trabajo/TutorialROS2/arduinobot_ws/build/arduinobot_cpp_examples -- -j20 -l20
