[1.544s] Invoking command in '/mnt/c/Users/nacho/OneDrive/Escritorio/Uni/Trabajo/TutorialROS2/arduinobot_ws/src/arduinobot_py_examples': PYTHONPATH=/mnt/c/Users/nacho/OneDrive/Escritorio/Uni/Trabajo/TutorialROS2/arduinobot_ws/build/arduinobot_py_examples/prefix_override:/usr/lib/python3/dist-packages/colcon_core/task/python/colcon_distutils_commands:/mnt/c/Users/nacho/OneDrive/Escritorio/Uni/Trabajo/TutorialROS2/arduinobot_ws/install/arduinobot_py_examples/lib/python3.12/site-packages:${PYTHONPATH} /usr/bin/python3 -W ignore:setup.py install is deprecated -W ignore:easy_install command is deprecated setup.py egg_info --egg-base ../../build/arduinobot_py_examples build --build-base /mnt/c/Users/nacho/OneDrive/Escritorio/Uni/Trabajo/TutorialROS2/arduinobot_ws/build/arduinobot_py_examples/build install --record /mnt/c/Users/nacho/OneDrive/Escritorio/Uni/Trabajo/TutorialROS2/arduinobot_ws/build/arduinobot_py_examples/install.log --single-version-externally-managed install_data
[2.055s] running egg_info
[2.073s] writing ../../build/arduinobot_py_examples/arduinobot_py_examples.egg-info/PKG-INFO
[2.076s] writing dependency_links to ../../build/arduinobot_py_examples/arduinobot_py_examples.egg-info/dependency_links.txt
[2.078s] writing entry points to ../../build/arduinobot_py_examples/arduinobot_py_examples.egg-info/entry_points.txt
[2.081s] writing requirements to ../../build/arduinobot_py_examples/arduinobot_py_examples.egg-info/requires.txt
[2.083s] writing top-level names to ../../build/arduinobot_py_examples/arduinobot_py_examples.egg-info/top_level.txt
[2.133s] reading manifest file '../../build/arduinobot_py_examples/arduinobot_py_examples.egg-info/SOURCES.txt'
[2.157s] writing manifest file '../../build/arduinobot_py_examples/arduinobot_py_examples.egg-info/SOURCES.txt'
[2.158s] running build
[2.159s] running build_py
[2.172s] running install
[2.182s] running install_lib
[2.251s] running install_data
[2.262s] running install_egg_info
[2.287s] removing '/mnt/c/Users/nacho/OneDrive/Escritorio/Uni/Trabajo/TutorialROS2/arduinobot_ws/install/arduinobot_py_examples/lib/python3.12/site-packages/arduinobot_py_examples-0.0.0-py3.12.egg-info' (and everything under it)
[2.317s] Copying ../../build/arduinobot_py_examples/arduinobot_py_examples.egg-info to /mnt/c/Users/nacho/OneDrive/Escritorio/Uni/Trabajo/TutorialROS2/arduinobot_ws/install/arduinobot_py_examples/lib/python3.12/site-packages/arduinobot_py_examples-0.0.0-py3.12.egg-info
[2.452s] running install_scripts
[2.637s] Installing simple_publisher script to /mnt/c/Users/nacho/OneDrive/Escritorio/Uni/Trabajo/TutorialROS2/arduinobot_ws/install/arduinobot_py_examples/lib/arduinobot_py_examples
[2.643s] writing list of installed files to '/mnt/c/Users/nacho/OneDrive/Escritorio/Uni/Trabajo/TutorialROS2/arduinobot_ws/build/arduinobot_py_examples/install.log'
