[0.190s] Invoking command in '/mnt/c/Users/nacho/OneDrive/Escritorio/Uni/Trabajo/TutorialROS2/arduinobot_ws/build/arduinobot_description': CMAKE_PREFIX_PATH=${CMAKE_PREFIX_PATH}:/mnt/c/Users/nacho/OneDrive/Escritorio/Uni/Trabajo/TutorialROS2/arduinobot_ws/install/arduinobot_py_examples:/opt/ros/jazzy /usr/bin/cmake --build /mnt/c/Users/nacho/OneDrive/Escritorio/Uni/Trabajo/TutorialROS2/arduinobot_ws/build/arduinobot_description -- -j20 -l20
[1.122s] Invoked command in '/mnt/c/Users/nacho/OneDrive/Escritorio/Uni/Trabajo/TutorialROS2/arduinobot_ws/build/arduinobot_description' returned '0': CMAKE_PREFIX_PATH=${CMAKE_PREFIX_PATH}:/mnt/c/Users/nacho/OneDrive/Escritorio/Uni/Trabajo/TutorialROS2/arduinobot_ws/install/arduinobot_py_examples:/opt/ros/jazzy /usr/bin/cmake --build /mnt/c/Users/nacho/OneDrive/Escritorio/Uni/Trabajo/TutorialROS2/arduinobot_ws/build/arduinobot_description -- -j20 -l20
[1.182s] Invoking command in '/mnt/c/Users/nacho/OneDrive/Escritorio/Uni/Trabajo/TutorialROS2/arduinobot_ws/build/arduinobot_description': CMAKE_PREFIX_PATH=${CMAKE_PREFIX_PATH}:/mnt/c/Users/nacho/OneDrive/Escritorio/Uni/Trabajo/TutorialROS2/arduinobot_ws/install/arduinobot_py_examples:/opt/ros/jazzy /usr/bin/cmake --install /mnt/c/Users/nacho/OneDrive/Escritorio/Uni/Trabajo/TutorialROS2/arduinobot_ws/build/arduinobot_description
[1.205s] -- Install configuration: ""
[1.216s] -- Up-to-date: /mnt/c/Users/nacho/OneDrive/Escritorio/Uni/Trabajo/TutorialROS2/arduinobot_ws/install/arduinobot_description/share/arduinobot_description/meshes
[1.262s] -- Up-to-date: /mnt/c/Users/nacho/OneDrive/Escritorio/Uni/Trabajo/TutorialROS2/arduinobot_ws/install/arduinobot_description/share/arduinobot_description/meshes/arduinobot_meshes.zip.zip
[1.271s] -- Up-to-date: /mnt/c/Users/nacho/OneDrive/Escritorio/Uni/Trabajo/TutorialROS2/arduinobot_ws/install/arduinobot_description/share/arduinobot_description/meshes/basement.STL
[1.352s] -- Up-to-date: /mnt/c/Users/nacho/OneDrive/Escritorio/Uni/Trabajo/TutorialROS2/arduinobot_ws/install/arduinobot_description/share/arduinobot_description/meshes/base_plate.STL
[1.431s] -- Up-to-date: /mnt/c/Users/nacho/OneDrive/Escritorio/Uni/Trabajo/TutorialROS2/arduinobot_ws/install/arduinobot_description/share/arduinobot_description/meshes/claw_support.STL
[1.532s] -- Up-to-date: /mnt/c/Users/nacho/OneDrive/Escritorio/Uni/Trabajo/TutorialROS2/arduinobot_ws/install/arduinobot_description/share/arduinobot_description/meshes/forward_drive_arm.STL
[1.557s] -- Up-to-date: /mnt/c/Users/nacho/OneDrive/Escritorio/Uni/Trabajo/TutorialROS2/arduinobot_ws/install/arduinobot_description/share/arduinobot_description/meshes/horizontal_arm.STL
[1.567s] -- Up-to-date: /mnt/c/Users/nacho/OneDrive/Escritorio/Uni/Trabajo/TutorialROS2/arduinobot_ws/install/arduinobot_description/share/arduinobot_description/meshes/left_finger.STL
[1.577s] -- Up-to-date: /mnt/c/Users/nacho/OneDrive/Escritorio/Uni/Trabajo/TutorialROS2/arduinobot_ws/install/arduinobot_description/share/arduinobot_description/meshes/link.STL
[1.587s] -- Up-to-date: /mnt/c/Users/nacho/OneDrive/Escritorio/Uni/Trabajo/TutorialROS2/arduinobot_ws/install/arduinobot_description/share/arduinobot_description/meshes/plate.STL
[1.600s] -- Up-to-date: /mnt/c/Users/nacho/OneDrive/Escritorio/Uni/Trabajo/TutorialROS2/arduinobot_ws/install/arduinobot_description/share/arduinobot_description/meshes/right_finger.STL
[1.611s] -- Up-to-date: /mnt/c/Users/nacho/OneDrive/Escritorio/Uni/Trabajo/TutorialROS2/arduinobot_ws/install/arduinobot_description/share/arduinobot_description/meshes/round_plate.STL
[1.622s] -- Up-to-date: /mnt/c/Users/nacho/OneDrive/Escritorio/Uni/Trabajo/TutorialROS2/arduinobot_ws/install/arduinobot_description/share/arduinobot_description/meshes/servo_plate.STL
[1.700s] -- Up-to-date: /mnt/c/Users/nacho/OneDrive/Escritorio/Uni/Trabajo/TutorialROS2/arduinobot_ws/install/arduinobot_description/share/arduinobot_description/meshes/triangular_link.STL
[1.775s] -- Up-to-date: /mnt/c/Users/nacho/OneDrive/Escritorio/Uni/Trabajo/TutorialROS2/arduinobot_ws/install/arduinobot_description/share/arduinobot_description/meshes/vertical_drive_arm.STL
[1.783s] -- Up-to-date: /mnt/c/Users/nacho/OneDrive/Escritorio/Uni/Trabajo/TutorialROS2/arduinobot_ws/install/arduinobot_description/share/arduinobot_description/urdf
[1.797s] -- Up-to-date: /mnt/c/Users/nacho/OneDrive/Escritorio/Uni/Trabajo/TutorialROS2/arduinobot_ws/install/arduinobot_description/share/arduinobot_description/urdf/arduinobot.urdf.xacro
[1.807s] -- Up-to-date: /mnt/c/Users/nacho/OneDrive/Escritorio/Uni/Trabajo/TutorialROS2/arduinobot_ws/install/arduinobot_description/share/arduinobot_description/launch
[1.821s] -- Installing: /mnt/c/Users/nacho/OneDrive/Escritorio/Uni/Trabajo/TutorialROS2/arduinobot_ws/install/arduinobot_description/share/arduinobot_description/launch/display.launch.py
[1.890s] -- Up-to-date: /mnt/c/Users/nacho/OneDrive/Escritorio/Uni/Trabajo/TutorialROS2/arduinobot_ws/install/arduinobot_description/share/arduinobot_description/rviz
[1.906s] -- Up-to-date: /mnt/c/Users/nacho/OneDrive/Escritorio/Uni/Trabajo/TutorialROS2/arduinobot_ws/install/arduinobot_description/share/arduinobot_description/rviz/display.rviz
[1.923s] -- Up-to-date: /mnt/c/Users/nacho/OneDrive/Escritorio/Uni/Trabajo/TutorialROS2/arduinobot_ws/install/arduinobot_description/share/ament_index/resource_index/package_run_dependencies/arduinobot_description
[1.944s] -- Up-to-date: /mnt/c/Users/nacho/OneDrive/Escritorio/Uni/Trabajo/TutorialROS2/arduinobot_ws/install/arduinobot_description/share/ament_index/resource_index/parent_prefix_path/arduinobot_description
[2.007s] -- Up-to-date: /mnt/c/Users/nacho/OneDrive/Escritorio/Uni/Trabajo/TutorialROS2/arduinobot_ws/install/arduinobot_description/share/arduinobot_description/environment/ament_prefix_path.sh
[2.060s] -- Up-to-date: /mnt/c/Users/nacho/OneDrive/Escritorio/Uni/Trabajo/TutorialROS2/arduinobot_ws/install/arduinobot_description/share/arduinobot_description/environment/ament_prefix_path.dsv
[2.067s] -- Up-to-date: /mnt/c/Users/nacho/OneDrive/Escritorio/Uni/Trabajo/TutorialROS2/arduinobot_ws/install/arduinobot_description/share/arduinobot_description/environment/path.sh
[2.078s] -- Up-to-date: /mnt/c/Users/nacho/OneDrive/Escritorio/Uni/Trabajo/TutorialROS2/arduinobot_ws/install/arduinobot_description/share/arduinobot_description/environment/path.dsv
[2.094s] -- Up-to-date: /mnt/c/Users/nacho/OneDrive/Escritorio/Uni/Trabajo/TutorialROS2/arduinobot_ws/install/arduinobot_description/share/arduinobot_description/local_setup.bash
[2.121s] -- Up-to-date: /mnt/c/Users/nacho/OneDrive/Escritorio/Uni/Trabajo/TutorialROS2/arduinobot_ws/install/arduinobot_description/share/arduinobot_description/local_setup.sh
[2.171s] -- Up-to-date: /mnt/c/Users/nacho/OneDrive/Escritorio/Uni/Trabajo/TutorialROS2/arduinobot_ws/install/arduinobot_description/share/arduinobot_description/local_setup.zsh
[2.291s] -- Up-to-date: /mnt/c/Users/nacho/OneDrive/Escritorio/Uni/Trabajo/TutorialROS2/arduinobot_ws/install/arduinobot_description/share/arduinobot_description/local_setup.dsv
[2.347s] -- Installing: /mnt/c/Users/nacho/OneDrive/Escritorio/Uni/Trabajo/TutorialROS2/arduinobot_ws/install/arduinobot_description/share/arduinobot_description/package.dsv
[2.487s] -- Up-to-date: /mnt/c/Users/nacho/OneDrive/Escritorio/Uni/Trabajo/TutorialROS2/arduinobot_ws/install/arduinobot_description/share/ament_index/resource_index/packages/arduinobot_description
[2.505s] -- Up-to-date: /mnt/c/Users/nacho/OneDrive/Escritorio/Uni/Trabajo/TutorialROS2/arduinobot_ws/install/arduinobot_description/share/arduinobot_description/cmake/arduinobot_descriptionConfig.cmake
[2.516s] -- Up-to-date: /mnt/c/Users/nacho/OneDrive/Escritorio/Uni/Trabajo/TutorialROS2/arduinobot_ws/install/arduinobot_description/share/arduinobot_description/cmake/arduinobot_descriptionConfig-version.cmake
[2.526s] -- Up-to-date: /mnt/c/Users/nacho/OneDrive/Escritorio/Uni/Trabajo/TutorialROS2/arduinobot_ws/install/arduinobot_description/share/arduinobot_description/package.xml
[3.376s] Invoked command in '/mnt/c/Users/nacho/OneDrive/Escritorio/Uni/Trabajo/TutorialROS2/arduinobot_ws/build/arduinobot_description' returned '0': CMAKE_PREFIX_PATH=${CMAKE_PREFIX_PATH}:/mnt/c/Users/nacho/OneDrive/Escritorio/Uni/Trabajo/TutorialROS2/arduinobot_ws/install/arduinobot_py_examples:/opt/ros/jazzy /usr/bin/cmake --install /mnt/c/Users/nacho/OneDrive/Escritorio/Uni/Trabajo/TutorialROS2/arduinobot_ws/build/arduinobot_description
