[0.251s] DEBUG:colcon:Command line arguments: ['/usr/bin/colcon', 'build']
[0.251s] DEBUG:colcon:Parsed command line arguments: Namespace(log_base=None, log_level=None, verb_name='build', build_base='build', install_base='install', merge_install=False, symlink_install=False, test_result_base=None, continue_on_error=False, executor='parallel', parallel_workers=20, event_handlers=None, ignore_user_meta=False, metas=['./colcon.meta'], base_paths=['.'], packages_ignore=None, packages_ignore_regex=None, paths=None, packages_up_to=None, packages_up_to_regex=None, packages_above=None, packages_above_and_dependencies=None, packages_above_depth=None, packages_select_by_dep=None, packages_skip_by_dep=None, packages_skip_up_to=None, packages_select_build_failed=False, packages_skip_build_finished=False, packages_select_test_failures=False, packages_skip_test_passed=False, packages_select=None, packages_skip=None, packages_select_regex=None, packages_skip_regex=None, packages_start=None, packages_end=None, allow_overriding=[], cmake_args=None, cmake_target=None, cmake_target_skip_unavailable=False, cmake_clean_cache=False, cmake_clean_first=False, cmake_force_configure=False, ament_cmake_args=None, catkin_cmake_args=None, catkin_skip_building_tests=False, mixin_files=None, mixin=None, verb_parser=<colcon_mixin.mixin.mixin_argument.MixinArgumentDecorator object at 0x7f2d74fde990>, verb_extension=<colcon_core.verb.build.BuildVerb object at 0x7f2d74fde750>, main=<bound method BuildVerb.main of <colcon_core.verb.build.BuildVerb object at 0x7f2d74fde750>>, mixin_verb=('build',))
[0.307s] Level 1:colcon.colcon_core.package_discovery:discover_packages(colcon_meta) check parameters
[0.307s] Level 1:colcon.colcon_core.package_discovery:discover_packages(recursive) check parameters
[0.308s] Level 1:colcon.colcon_core.package_discovery:discover_packages(ignore) check parameters
[0.308s] Level 1:colcon.colcon_core.package_discovery:discover_packages(path) check parameters
[0.308s] Level 1:colcon.colcon_core.package_discovery:discover_packages(colcon_meta) discover
[0.308s] Level 1:colcon.colcon_core.package_discovery:discover_packages(recursive) discover
[0.308s] INFO:colcon.colcon_core.package_discovery:Crawling recursively for packages in '/mnt/c/Users/nacho/OneDrive/Escritorio/Uni/Trabajo/TutorialROS2/arduinobot_ws'
[0.309s] Level 1:colcon.colcon_core.package_identification:_identify(.) by extensions ['ignore', 'ignore_ament_install']
[0.309s] Level 1:colcon.colcon_core.package_identification:_identify(.) by extension 'ignore'
[0.309s] Level 1:colcon.colcon_core.package_identification:_identify(.) by extension 'ignore_ament_install'
[0.309s] Level 1:colcon.colcon_core.package_identification:_identify(.) by extensions ['colcon_pkg']
[0.309s] Level 1:colcon.colcon_core.package_identification:_identify(.) by extension 'colcon_pkg'
[0.310s] Level 1:colcon.colcon_core.package_identification:_identify(.) by extensions ['colcon_meta']
[0.310s] Level 1:colcon.colcon_core.package_identification:_identify(.) by extension 'colcon_meta'
[0.310s] Level 1:colcon.colcon_core.package_identification:_identify(.) by extensions ['ros']
[0.310s] Level 1:colcon.colcon_core.package_identification:_identify(.) by extension 'ros'
[0.342s] Level 1:colcon.colcon_core.package_identification:_identify(.) by extensions ['cmake', 'python']
[0.342s] Level 1:colcon.colcon_core.package_identification:_identify(.) by extension 'cmake'
[0.342s] Level 1:colcon.colcon_core.package_identification:_identify(.) by extension 'python'
[0.342s] Level 1:colcon.colcon_core.package_identification:_identify(.) by extensions ['python_setup_py']
[0.342s] Level 1:colcon.colcon_core.package_identification:_identify(.) by extension 'python_setup_py'
[0.344s] Level 1:colcon.colcon_core.package_identification:_identify(build) by extensions ['ignore', 'ignore_ament_install']
[0.344s] Level 1:colcon.colcon_core.package_identification:_identify(build) by extension 'ignore'
[0.344s] Level 1:colcon.colcon_core.package_identification:_identify(build) ignored
[0.345s] Level 1:colcon.colcon_core.package_identification:_identify(install) by extensions ['ignore', 'ignore_ament_install']
[0.346s] Level 1:colcon.colcon_core.package_identification:_identify(install) by extension 'ignore'
[0.346s] Level 1:colcon.colcon_core.package_identification:_identify(install) ignored
[0.347s] Level 1:colcon.colcon_core.package_identification:_identify(log) by extensions ['ignore', 'ignore_ament_install']
[0.347s] Level 1:colcon.colcon_core.package_identification:_identify(log) by extension 'ignore'
[0.348s] Level 1:colcon.colcon_core.package_identification:_identify(log) ignored
[0.350s] Level 1:colcon.colcon_core.package_identification:_identify(src) by extensions ['ignore', 'ignore_ament_install']
[0.350s] Level 1:colcon.colcon_core.package_identification:_identify(src) by extension 'ignore'
[0.351s] Level 1:colcon.colcon_core.package_identification:_identify(src) by extension 'ignore_ament_install'
[0.351s] Level 1:colcon.colcon_core.package_identification:_identify(src) by extensions ['colcon_pkg']
[0.351s] Level 1:colcon.colcon_core.package_identification:_identify(src) by extension 'colcon_pkg'
[0.352s] Level 1:colcon.colcon_core.package_identification:_identify(src) by extensions ['colcon_meta']
[0.352s] Level 1:colcon.colcon_core.package_identification:_identify(src) by extension 'colcon_meta'
[0.353s] Level 1:colcon.colcon_core.package_identification:_identify(src) by extensions ['ros']
[0.353s] Level 1:colcon.colcon_core.package_identification:_identify(src) by extension 'ros'
[0.356s] Level 1:colcon.colcon_core.package_identification:_identify(src) by extensions ['cmake', 'python']
[0.356s] Level 1:colcon.colcon_core.package_identification:_identify(src) by extension 'cmake'
[0.356s] Level 1:colcon.colcon_core.package_identification:_identify(src) by extension 'python'
[0.357s] Level 1:colcon.colcon_core.package_identification:_identify(src) by extensions ['python_setup_py']
[0.357s] Level 1:colcon.colcon_core.package_identification:_identify(src) by extension 'python_setup_py'
[0.360s] Level 1:colcon.colcon_core.package_identification:_identify(src/arduinobot_cpp_examples) by extensions ['ignore', 'ignore_ament_install']
[0.360s] Level 1:colcon.colcon_core.package_identification:_identify(src/arduinobot_cpp_examples) by extension 'ignore'
[0.360s] Level 1:colcon.colcon_core.package_identification:_identify(src/arduinobot_cpp_examples) by extension 'ignore_ament_install'
[0.362s] Level 1:colcon.colcon_core.package_identification:_identify(src/arduinobot_cpp_examples) by extensions ['colcon_pkg']
[0.362s] Level 1:colcon.colcon_core.package_identification:_identify(src/arduinobot_cpp_examples) by extension 'colcon_pkg'
[0.362s] Level 1:colcon.colcon_core.package_identification:_identify(src/arduinobot_cpp_examples) by extensions ['colcon_meta']
[0.363s] Level 1:colcon.colcon_core.package_identification:_identify(src/arduinobot_cpp_examples) by extension 'colcon_meta'
[0.363s] Level 1:colcon.colcon_core.package_identification:_identify(src/arduinobot_cpp_examples) by extensions ['ros']
[0.364s] Level 1:colcon.colcon_core.package_identification:_identify(src/arduinobot_cpp_examples) by extension 'ros'
[0.374s] DEBUG:colcon.colcon_core.package_identification:Package 'src/arduinobot_cpp_examples' with type 'ros.ament_cmake' and name 'arduinobot_cpp_examples'
[0.377s] Level 1:colcon.colcon_core.package_identification:_identify(src/arduinobot_description) by extensions ['ignore', 'ignore_ament_install']
[0.377s] Level 1:colcon.colcon_core.package_identification:_identify(src/arduinobot_description) by extension 'ignore'
[0.378s] Level 1:colcon.colcon_core.package_identification:_identify(src/arduinobot_description) by extension 'ignore_ament_install'
[0.379s] Level 1:colcon.colcon_core.package_identification:_identify(src/arduinobot_description) by extensions ['colcon_pkg']
[0.379s] Level 1:colcon.colcon_core.package_identification:_identify(src/arduinobot_description) by extension 'colcon_pkg'
[0.380s] Level 1:colcon.colcon_core.package_identification:_identify(src/arduinobot_description) by extensions ['colcon_meta']
[0.380s] Level 1:colcon.colcon_core.package_identification:_identify(src/arduinobot_description) by extension 'colcon_meta'
[0.381s] Level 1:colcon.colcon_core.package_identification:_identify(src/arduinobot_description) by extensions ['ros']
[0.381s] Level 1:colcon.colcon_core.package_identification:_identify(src/arduinobot_description) by extension 'ros'
[0.389s] DEBUG:colcon.colcon_core.package_identification:Package 'src/arduinobot_description' with type 'ros.ament_cmake' and name 'arduinobot_description'
[0.391s] Level 1:colcon.colcon_core.package_identification:_identify(src/arduinobot_py_examples) by extensions ['ignore', 'ignore_ament_install']
[0.391s] Level 1:colcon.colcon_core.package_identification:_identify(src/arduinobot_py_examples) by extension 'ignore'
[0.392s] Level 1:colcon.colcon_core.package_identification:_identify(src/arduinobot_py_examples) by extension 'ignore_ament_install'
[0.393s] Level 1:colcon.colcon_core.package_identification:_identify(src/arduinobot_py_examples) by extensions ['colcon_pkg']
[0.393s] Level 1:colcon.colcon_core.package_identification:_identify(src/arduinobot_py_examples) by extension 'colcon_pkg'
[0.394s] Level 1:colcon.colcon_core.package_identification:_identify(src/arduinobot_py_examples) by extensions ['colcon_meta']
[0.394s] Level 1:colcon.colcon_core.package_identification:_identify(src/arduinobot_py_examples) by extension 'colcon_meta'
[0.395s] Level 1:colcon.colcon_core.package_identification:_identify(src/arduinobot_py_examples) by extensions ['ros']
[0.395s] Level 1:colcon.colcon_core.package_identification:_identify(src/arduinobot_py_examples) by extension 'ros'
[0.399s] DEBUG:colcon.colcon_core.package_identification:Package 'src/arduinobot_py_examples' with type 'ros.ament_python' and name 'arduinobot_py_examples'
[0.400s] Level 1:colcon.colcon_core.package_discovery:discover_packages(recursive) using defaults
[0.400s] Level 1:colcon.colcon_core.package_discovery:discover_packages(ignore) discover
[0.400s] Level 1:colcon.colcon_core.package_discovery:discover_packages(ignore) using defaults
[0.400s] Level 1:colcon.colcon_core.package_discovery:discover_packages(path) discover
[0.400s] Level 1:colcon.colcon_core.package_discovery:discover_packages(path) using defaults
[0.441s] Level 1:colcon.colcon_core.package_discovery:discover_packages(prefix_path) check parameters
[0.442s] Level 1:colcon.colcon_core.package_discovery:discover_packages(prefix_path) discover
[0.483s] DEBUG:colcon.colcon_installed_package_information.package_discovery:Found 3 installed packages in /mnt/c/Users/nacho/OneDrive/Escritorio/Uni/Trabajo/TutorialROS2/arduinobot_ws/install
[0.485s] DEBUG:colcon.colcon_installed_package_information.package_discovery:Found 434 installed packages in /opt/ros/jazzy
[0.487s] Level 1:colcon.colcon_core.package_discovery:discover_packages(prefix_path) using defaults
[0.591s] Level 5:colcon.colcon_core.verb:set package 'arduinobot_cpp_examples' build argument 'cmake_args' from command line to 'None'
[0.591s] Level 5:colcon.colcon_core.verb:set package 'arduinobot_cpp_examples' build argument 'cmake_target' from command line to 'None'
[0.591s] Level 5:colcon.colcon_core.verb:set package 'arduinobot_cpp_examples' build argument 'cmake_target_skip_unavailable' from command line to 'False'
[0.591s] Level 5:colcon.colcon_core.verb:set package 'arduinobot_cpp_examples' build argument 'cmake_clean_cache' from command line to 'False'
[0.591s] Level 5:colcon.colcon_core.verb:set package 'arduinobot_cpp_examples' build argument 'cmake_clean_first' from command line to 'False'
[0.591s] Level 5:colcon.colcon_core.verb:set package 'arduinobot_cpp_examples' build argument 'cmake_force_configure' from command line to 'False'
[0.591s] Level 5:colcon.colcon_core.verb:set package 'arduinobot_cpp_examples' build argument 'ament_cmake_args' from command line to 'None'
[0.591s] Level 5:colcon.colcon_core.verb:set package 'arduinobot_cpp_examples' build argument 'catkin_cmake_args' from command line to 'None'
[0.592s] Level 5:colcon.colcon_core.verb:set package 'arduinobot_cpp_examples' build argument 'catkin_skip_building_tests' from command line to 'False'
[0.592s] DEBUG:colcon.colcon_core.verb:Building package 'arduinobot_cpp_examples' with the following arguments: {'ament_cmake_args': None, 'build_base': '/mnt/c/Users/nacho/OneDrive/Escritorio/Uni/Trabajo/TutorialROS2/arduinobot_ws/build/arduinobot_cpp_examples', 'catkin_cmake_args': None, 'catkin_skip_building_tests': False, 'cmake_args': None, 'cmake_clean_cache': False, 'cmake_clean_first': False, 'cmake_force_configure': False, 'cmake_target': None, 'cmake_target_skip_unavailable': False, 'install_base': '/mnt/c/Users/nacho/OneDrive/Escritorio/Uni/Trabajo/TutorialROS2/arduinobot_ws/install/arduinobot_cpp_examples', 'merge_install': False, 'path': '/mnt/c/Users/nacho/OneDrive/Escritorio/Uni/Trabajo/TutorialROS2/arduinobot_ws/src/arduinobot_cpp_examples', 'symlink_install': False, 'test_result_base': None}
[0.592s] Level 5:colcon.colcon_core.verb:set package 'arduinobot_description' build argument 'cmake_args' from command line to 'None'
[0.592s] Level 5:colcon.colcon_core.verb:set package 'arduinobot_description' build argument 'cmake_target' from command line to 'None'
[0.592s] Level 5:colcon.colcon_core.verb:set package 'arduinobot_description' build argument 'cmake_target_skip_unavailable' from command line to 'False'
[0.592s] Level 5:colcon.colcon_core.verb:set package 'arduinobot_description' build argument 'cmake_clean_cache' from command line to 'False'
[0.592s] Level 5:colcon.colcon_core.verb:set package 'arduinobot_description' build argument 'cmake_clean_first' from command line to 'False'
[0.592s] Level 5:colcon.colcon_core.verb:set package 'arduinobot_description' build argument 'cmake_force_configure' from command line to 'False'
[0.593s] Level 5:colcon.colcon_core.verb:set package 'arduinobot_description' build argument 'ament_cmake_args' from command line to 'None'
[0.593s] Level 5:colcon.colcon_core.verb:set package 'arduinobot_description' build argument 'catkin_cmake_args' from command line to 'None'
[0.593s] Level 5:colcon.colcon_core.verb:set package 'arduinobot_description' build argument 'catkin_skip_building_tests' from command line to 'False'
[0.593s] DEBUG:colcon.colcon_core.verb:Building package 'arduinobot_description' with the following arguments: {'ament_cmake_args': None, 'build_base': '/mnt/c/Users/nacho/OneDrive/Escritorio/Uni/Trabajo/TutorialROS2/arduinobot_ws/build/arduinobot_description', 'catkin_cmake_args': None, 'catkin_skip_building_tests': False, 'cmake_args': None, 'cmake_clean_cache': False, 'cmake_clean_first': False, 'cmake_force_configure': False, 'cmake_target': None, 'cmake_target_skip_unavailable': False, 'install_base': '/mnt/c/Users/nacho/OneDrive/Escritorio/Uni/Trabajo/TutorialROS2/arduinobot_ws/install/arduinobot_description', 'merge_install': False, 'path': '/mnt/c/Users/nacho/OneDrive/Escritorio/Uni/Trabajo/TutorialROS2/arduinobot_ws/src/arduinobot_description', 'symlink_install': False, 'test_result_base': None}
[0.593s] Level 5:colcon.colcon_core.verb:set package 'arduinobot_py_examples' build argument 'cmake_args' from command line to 'None'
[0.593s] Level 5:colcon.colcon_core.verb:set package 'arduinobot_py_examples' build argument 'cmake_target' from command line to 'None'
[0.593s] Level 5:colcon.colcon_core.verb:set package 'arduinobot_py_examples' build argument 'cmake_target_skip_unavailable' from command line to 'False'
[0.593s] Level 5:colcon.colcon_core.verb:set package 'arduinobot_py_examples' build argument 'cmake_clean_cache' from command line to 'False'
[0.593s] Level 5:colcon.colcon_core.verb:set package 'arduinobot_py_examples' build argument 'cmake_clean_first' from command line to 'False'
[0.594s] Level 5:colcon.colcon_core.verb:set package 'arduinobot_py_examples' build argument 'cmake_force_configure' from command line to 'False'
[0.594s] Level 5:colcon.colcon_core.verb:set package 'arduinobot_py_examples' build argument 'ament_cmake_args' from command line to 'None'
[0.594s] Level 5:colcon.colcon_core.verb:set package 'arduinobot_py_examples' build argument 'catkin_cmake_args' from command line to 'None'
[0.594s] Level 5:colcon.colcon_core.verb:set package 'arduinobot_py_examples' build argument 'catkin_skip_building_tests' from command line to 'False'
[0.594s] DEBUG:colcon.colcon_core.verb:Building package 'arduinobot_py_examples' with the following arguments: {'ament_cmake_args': None, 'build_base': '/mnt/c/Users/nacho/OneDrive/Escritorio/Uni/Trabajo/TutorialROS2/arduinobot_ws/build/arduinobot_py_examples', 'catkin_cmake_args': None, 'catkin_skip_building_tests': False, 'cmake_args': None, 'cmake_clean_cache': False, 'cmake_clean_first': False, 'cmake_force_configure': False, 'cmake_target': None, 'cmake_target_skip_unavailable': False, 'install_base': '/mnt/c/Users/nacho/OneDrive/Escritorio/Uni/Trabajo/TutorialROS2/arduinobot_ws/install/arduinobot_py_examples', 'merge_install': False, 'path': '/mnt/c/Users/nacho/OneDrive/Escritorio/Uni/Trabajo/TutorialROS2/arduinobot_ws/src/arduinobot_py_examples', 'symlink_install': False, 'test_result_base': None}
[0.594s] INFO:colcon.colcon_core.executor:Executing jobs using 'parallel' executor
[0.595s] DEBUG:colcon.colcon_parallel_executor.executor.parallel:run_until_complete
[0.595s] INFO:colcon.colcon_ros.task.ament_cmake.build:Building ROS package in '/mnt/c/Users/nacho/OneDrive/Escritorio/Uni/Trabajo/TutorialROS2/arduinobot_ws/src/arduinobot_cpp_examples' with build type 'ament_cmake'
[0.595s] INFO:colcon.colcon_cmake.task.cmake.build:Building CMake package in '/mnt/c/Users/nacho/OneDrive/Escritorio/Uni/Trabajo/TutorialROS2/arduinobot_ws/src/arduinobot_cpp_examples'
[0.600s] INFO:colcon.colcon_core.plugin_system:Skipping extension 'colcon_core.shell.bat': Not used on non-Windows systems
[0.601s] INFO:colcon.colcon_core.shell:Skip shell extension 'powershell' for command environment: Not usable outside of PowerShell
[0.601s] DEBUG:colcon.colcon_core.shell:Skip shell extension 'dsv' for command environment
[0.634s] INFO:colcon.colcon_ros.task.ament_cmake.build:Building ROS package in '/mnt/c/Users/nacho/OneDrive/Escritorio/Uni/Trabajo/TutorialROS2/arduinobot_ws/src/arduinobot_description' with build type 'ament_cmake'
[0.635s] INFO:colcon.colcon_cmake.task.cmake.build:Building CMake package in '/mnt/c/Users/nacho/OneDrive/Escritorio/Uni/Trabajo/TutorialROS2/arduinobot_ws/src/arduinobot_description'
[0.635s] INFO:colcon.colcon_core.shell:Skip shell extension 'powershell' for command environment: Not usable outside of PowerShell
[0.635s] DEBUG:colcon.colcon_core.shell:Skip shell extension 'dsv' for command environment
[0.681s] INFO:colcon.colcon_ros.task.ament_python.build:Building ROS package in '/mnt/c/Users/nacho/OneDrive/Escritorio/Uni/Trabajo/TutorialROS2/arduinobot_ws/src/arduinobot_py_examples' with build type 'ament_python'
[0.681s] Level 1:colcon.colcon_core.shell:create_environment_hook('arduinobot_py_examples', 'ament_prefix_path')
[0.682s] INFO:colcon.colcon_core.shell:Creating environment hook '/mnt/c/Users/nacho/OneDrive/Escritorio/Uni/Trabajo/TutorialROS2/arduinobot_ws/install/arduinobot_py_examples/share/arduinobot_py_examples/hook/ament_prefix_path.ps1'
[0.691s] INFO:colcon.colcon_core.shell:Creating environment descriptor '/mnt/c/Users/nacho/OneDrive/Escritorio/Uni/Trabajo/TutorialROS2/arduinobot_ws/install/arduinobot_py_examples/share/arduinobot_py_examples/hook/ament_prefix_path.dsv'
[0.697s] INFO:colcon.colcon_core.shell:Creating environment hook '/mnt/c/Users/nacho/OneDrive/Escritorio/Uni/Trabajo/TutorialROS2/arduinobot_ws/install/arduinobot_py_examples/share/arduinobot_py_examples/hook/ament_prefix_path.sh'
[0.705s] INFO:colcon.colcon_core.shell:Skip shell extension 'powershell' for command environment: Not usable outside of PowerShell
[0.705s] DEBUG:colcon.colcon_core.shell:Skip shell extension 'dsv' for command environment
[0.756s] DEBUG:colcon.colcon_core.event_handler.log_command:Invoking command in '/mnt/c/Users/nacho/OneDrive/Escritorio/Uni/Trabajo/TutorialROS2/arduinobot_ws/build/arduinobot_cpp_examples': CMAKE_PREFIX_PATH=${CMAKE_PREFIX_PATH}:/mnt/c/Users/nacho/OneDrive/Escritorio/Uni/Trabajo/TutorialROS2/arduinobot_ws/install/arduinobot_py_examples:/opt/ros/jazzy /usr/bin/cmake --build /mnt/c/Users/nacho/OneDrive/Escritorio/Uni/Trabajo/TutorialROS2/arduinobot_ws/build/arduinobot_cpp_examples -- -j20 -l20
[0.775s] DEBUG:colcon.colcon_core.event_handler.log_command:Invoking command in '/mnt/c/Users/nacho/OneDrive/Escritorio/Uni/Trabajo/TutorialROS2/arduinobot_ws/build/arduinobot_description': CMAKE_PREFIX_PATH=${CMAKE_PREFIX_PATH}:/mnt/c/Users/nacho/OneDrive/Escritorio/Uni/Trabajo/TutorialROS2/arduinobot_ws/install/arduinobot_py_examples:/opt/ros/jazzy /usr/bin/cmake --build /mnt/c/Users/nacho/OneDrive/Escritorio/Uni/Trabajo/TutorialROS2/arduinobot_ws/build/arduinobot_description -- -j20 -l20
[1.106s] INFO:colcon.colcon_core.task.python.build:Building Python package in '/mnt/c/Users/nacho/OneDrive/Escritorio/Uni/Trabajo/TutorialROS2/arduinobot_ws/src/arduinobot_py_examples'
[1.106s] INFO:colcon.colcon_core.shell:Skip shell extension 'powershell' for command environment: Not usable outside of PowerShell
[1.106s] DEBUG:colcon.colcon_core.shell:Skip shell extension 'dsv' for command environment
[1.138s] DEBUG:colcon.colcon_core.event_handler.log_command:Invoked command in '/mnt/c/Users/nacho/OneDrive/Escritorio/Uni/Trabajo/TutorialROS2/arduinobot_ws/build/arduinobot_description' returned '0': CMAKE_PREFIX_PATH=${CMAKE_PREFIX_PATH}:/mnt/c/Users/nacho/OneDrive/Escritorio/Uni/Trabajo/TutorialROS2/arduinobot_ws/install/arduinobot_py_examples:/opt/ros/jazzy /usr/bin/cmake --build /mnt/c/Users/nacho/OneDrive/Escritorio/Uni/Trabajo/TutorialROS2/arduinobot_ws/build/arduinobot_description -- -j20 -l20
[1.155s] DEBUG:colcon.colcon_core.event_handler.log_command:Invoking command in '/mnt/c/Users/nacho/OneDrive/Escritorio/Uni/Trabajo/TutorialROS2/arduinobot_ws/build/arduinobot_description': CMAKE_PREFIX_PATH=${CMAKE_PREFIX_PATH}:/mnt/c/Users/nacho/OneDrive/Escritorio/Uni/Trabajo/TutorialROS2/arduinobot_ws/install/arduinobot_py_examples:/opt/ros/jazzy /usr/bin/cmake --install /mnt/c/Users/nacho/OneDrive/Escritorio/Uni/Trabajo/TutorialROS2/arduinobot_ws/build/arduinobot_description
[1.156s] DEBUG:colcon.colcon_core.event_handler.log_command:Invoked command in '/mnt/c/Users/nacho/OneDrive/Escritorio/Uni/Trabajo/TutorialROS2/arduinobot_ws/build/arduinobot_cpp_examples' returned '0': CMAKE_PREFIX_PATH=${CMAKE_PREFIX_PATH}:/mnt/c/Users/nacho/OneDrive/Escritorio/Uni/Trabajo/TutorialROS2/arduinobot_ws/install/arduinobot_py_examples:/opt/ros/jazzy /usr/bin/cmake --build /mnt/c/Users/nacho/OneDrive/Escritorio/Uni/Trabajo/TutorialROS2/arduinobot_ws/build/arduinobot_cpp_examples -- -j20 -l20
[1.167s] DEBUG:colcon.colcon_core.event_handler.log_command:Invoking command in '/mnt/c/Users/nacho/OneDrive/Escritorio/Uni/Trabajo/TutorialROS2/arduinobot_ws/build/arduinobot_cpp_examples': CMAKE_PREFIX_PATH=${CMAKE_PREFIX_PATH}:/mnt/c/Users/nacho/OneDrive/Escritorio/Uni/Trabajo/TutorialROS2/arduinobot_ws/install/arduinobot_py_examples:/opt/ros/jazzy /usr/bin/cmake --install /mnt/c/Users/nacho/OneDrive/Escritorio/Uni/Trabajo/TutorialROS2/arduinobot_ws/build/arduinobot_cpp_examples
[1.599s] Level 1:colcon.colcon_core.environment:create_environment_scripts_only(arduinobot_cpp_examples)
[1.600s] DEBUG:colcon.colcon_core.event_handler.log_command:Invoked command in '/mnt/c/Users/nacho/OneDrive/Escritorio/Uni/Trabajo/TutorialROS2/arduinobot_ws/build/arduinobot_cpp_examples' returned '0': CMAKE_PREFIX_PATH=${CMAKE_PREFIX_PATH}:/mnt/c/Users/nacho/OneDrive/Escritorio/Uni/Trabajo/TutorialROS2/arduinobot_ws/install/arduinobot_py_examples:/opt/ros/jazzy /usr/bin/cmake --install /mnt/c/Users/nacho/OneDrive/Escritorio/Uni/Trabajo/TutorialROS2/arduinobot_ws/build/arduinobot_cpp_examples
[1.608s] Level 1:colcon.colcon_core.environment:checking '/mnt/c/Users/nacho/OneDrive/Escritorio/Uni/Trabajo/TutorialROS2/arduinobot_ws/install/arduinobot_cpp_examples' for CMake module files
[1.658s] Level 1:colcon.colcon_core.environment:checking '/mnt/c/Users/nacho/OneDrive/Escritorio/Uni/Trabajo/TutorialROS2/arduinobot_ws/install/arduinobot_cpp_examples' for CMake config files
[1.689s] Level 1:colcon.colcon_core.shell:create_environment_hook('arduinobot_cpp_examples', 'cmake_prefix_path')
[1.689s] INFO:colcon.colcon_core.shell:Creating environment hook '/mnt/c/Users/nacho/OneDrive/Escritorio/Uni/Trabajo/TutorialROS2/arduinobot_ws/install/arduinobot_cpp_examples/share/arduinobot_cpp_examples/hook/cmake_prefix_path.ps1'
[1.697s] INFO:colcon.colcon_core.shell:Creating environment descriptor '/mnt/c/Users/nacho/OneDrive/Escritorio/Uni/Trabajo/TutorialROS2/arduinobot_ws/install/arduinobot_cpp_examples/share/arduinobot_cpp_examples/hook/cmake_prefix_path.dsv'
[1.707s] INFO:colcon.colcon_core.shell:Creating environment hook '/mnt/c/Users/nacho/OneDrive/Escritorio/Uni/Trabajo/TutorialROS2/arduinobot_ws/install/arduinobot_cpp_examples/share/arduinobot_cpp_examples/hook/cmake_prefix_path.sh'
[1.718s] Level 1:colcon.colcon_core.environment:checking '/mnt/c/Users/nacho/OneDrive/Escritorio/Uni/Trabajo/TutorialROS2/arduinobot_ws/install/arduinobot_cpp_examples/lib'
[1.722s] Level 1:colcon.colcon_core.environment:checking '/mnt/c/Users/nacho/OneDrive/Escritorio/Uni/Trabajo/TutorialROS2/arduinobot_ws/install/arduinobot_cpp_examples/bin'
[1.723s] Level 1:colcon.colcon_core.environment:checking '/mnt/c/Users/nacho/OneDrive/Escritorio/Uni/Trabajo/TutorialROS2/arduinobot_ws/install/arduinobot_cpp_examples/lib/pkgconfig/arduinobot_cpp_examples.pc'
[1.724s] Level 1:colcon.colcon_core.environment:checking '/mnt/c/Users/nacho/OneDrive/Escritorio/Uni/Trabajo/TutorialROS2/arduinobot_ws/install/arduinobot_cpp_examples/lib/python3.12/site-packages'
[1.725s] Level 1:colcon.colcon_core.environment:checking '/mnt/c/Users/nacho/OneDrive/Escritorio/Uni/Trabajo/TutorialROS2/arduinobot_ws/install/arduinobot_cpp_examples/bin'
[1.726s] INFO:colcon.colcon_core.shell:Creating package script '/mnt/c/Users/nacho/OneDrive/Escritorio/Uni/Trabajo/TutorialROS2/arduinobot_ws/install/arduinobot_cpp_examples/share/arduinobot_cpp_examples/package.ps1'
[1.732s] INFO:colcon.colcon_core.shell:Creating package descriptor '/mnt/c/Users/nacho/OneDrive/Escritorio/Uni/Trabajo/TutorialROS2/arduinobot_ws/install/arduinobot_cpp_examples/share/arduinobot_cpp_examples/package.dsv'
[1.739s] INFO:colcon.colcon_core.shell:Creating package script '/mnt/c/Users/nacho/OneDrive/Escritorio/Uni/Trabajo/TutorialROS2/arduinobot_ws/install/arduinobot_cpp_examples/share/arduinobot_cpp_examples/package.sh'
[1.745s] INFO:colcon.colcon_core.shell:Creating package script '/mnt/c/Users/nacho/OneDrive/Escritorio/Uni/Trabajo/TutorialROS2/arduinobot_ws/install/arduinobot_cpp_examples/share/arduinobot_cpp_examples/package.bash'
[1.753s] INFO:colcon.colcon_core.shell:Creating package script '/mnt/c/Users/nacho/OneDrive/Escritorio/Uni/Trabajo/TutorialROS2/arduinobot_ws/install/arduinobot_cpp_examples/share/arduinobot_cpp_examples/package.zsh'
[1.761s] Level 1:colcon.colcon_core.environment:create_file_with_runtime_dependencies(/mnt/c/Users/nacho/OneDrive/Escritorio/Uni/Trabajo/TutorialROS2/arduinobot_ws/install/arduinobot_cpp_examples/share/colcon-core/packages/arduinobot_cpp_examples)
[1.778s] Level 1:colcon.colcon_core.environment:create_environment_scripts_only(arduinobot_cpp_examples)
[1.778s] Level 1:colcon.colcon_core.environment:checking '/mnt/c/Users/nacho/OneDrive/Escritorio/Uni/Trabajo/TutorialROS2/arduinobot_ws/install/arduinobot_cpp_examples' for CMake module files
[1.839s] Level 1:colcon.colcon_core.environment:checking '/mnt/c/Users/nacho/OneDrive/Escritorio/Uni/Trabajo/TutorialROS2/arduinobot_ws/install/arduinobot_cpp_examples' for CMake config files
[1.889s] Level 1:colcon.colcon_core.shell:create_environment_hook('arduinobot_cpp_examples', 'cmake_prefix_path')
[1.889s] INFO:colcon.colcon_core.shell:Creating environment hook '/mnt/c/Users/nacho/OneDrive/Escritorio/Uni/Trabajo/TutorialROS2/arduinobot_ws/install/arduinobot_cpp_examples/share/arduinobot_cpp_examples/hook/cmake_prefix_path.ps1'
[1.901s] INFO:colcon.colcon_core.shell:Creating environment descriptor '/mnt/c/Users/nacho/OneDrive/Escritorio/Uni/Trabajo/TutorialROS2/arduinobot_ws/install/arduinobot_cpp_examples/share/arduinobot_cpp_examples/hook/cmake_prefix_path.dsv'
[1.911s] INFO:colcon.colcon_core.shell:Creating environment hook '/mnt/c/Users/nacho/OneDrive/Escritorio/Uni/Trabajo/TutorialROS2/arduinobot_ws/install/arduinobot_cpp_examples/share/arduinobot_cpp_examples/hook/cmake_prefix_path.sh'
[1.923s] Level 1:colcon.colcon_core.environment:checking '/mnt/c/Users/nacho/OneDrive/Escritorio/Uni/Trabajo/TutorialROS2/arduinobot_ws/install/arduinobot_cpp_examples/lib'
[1.926s] Level 1:colcon.colcon_core.environment:checking '/mnt/c/Users/nacho/OneDrive/Escritorio/Uni/Trabajo/TutorialROS2/arduinobot_ws/install/arduinobot_cpp_examples/bin'
[1.928s] Level 1:colcon.colcon_core.environment:checking '/mnt/c/Users/nacho/OneDrive/Escritorio/Uni/Trabajo/TutorialROS2/arduinobot_ws/install/arduinobot_cpp_examples/lib/pkgconfig/arduinobot_cpp_examples.pc'
[1.929s] Level 1:colcon.colcon_core.environment:checking '/mnt/c/Users/nacho/OneDrive/Escritorio/Uni/Trabajo/TutorialROS2/arduinobot_ws/install/arduinobot_cpp_examples/lib/python3.12/site-packages'
[1.930s] Level 1:colcon.colcon_core.environment:checking '/mnt/c/Users/nacho/OneDrive/Escritorio/Uni/Trabajo/TutorialROS2/arduinobot_ws/install/arduinobot_cpp_examples/bin'
[1.931s] INFO:colcon.colcon_core.shell:Creating package script '/mnt/c/Users/nacho/OneDrive/Escritorio/Uni/Trabajo/TutorialROS2/arduinobot_ws/install/arduinobot_cpp_examples/share/arduinobot_cpp_examples/package.ps1'
[1.941s] INFO:colcon.colcon_core.shell:Creating package descriptor '/mnt/c/Users/nacho/OneDrive/Escritorio/Uni/Trabajo/TutorialROS2/arduinobot_ws/install/arduinobot_cpp_examples/share/arduinobot_cpp_examples/package.dsv'
[1.948s] INFO:colcon.colcon_core.shell:Creating package script '/mnt/c/Users/nacho/OneDrive/Escritorio/Uni/Trabajo/TutorialROS2/arduinobot_ws/install/arduinobot_cpp_examples/share/arduinobot_cpp_examples/package.sh'
[1.958s] INFO:colcon.colcon_core.shell:Creating package script '/mnt/c/Users/nacho/OneDrive/Escritorio/Uni/Trabajo/TutorialROS2/arduinobot_ws/install/arduinobot_cpp_examples/share/arduinobot_cpp_examples/package.bash'
[1.966s] INFO:colcon.colcon_core.shell:Creating package script '/mnt/c/Users/nacho/OneDrive/Escritorio/Uni/Trabajo/TutorialROS2/arduinobot_ws/install/arduinobot_cpp_examples/share/arduinobot_cpp_examples/package.zsh'
[1.977s] Level 1:colcon.colcon_core.environment:create_file_with_runtime_dependencies(/mnt/c/Users/nacho/OneDrive/Escritorio/Uni/Trabajo/TutorialROS2/arduinobot_ws/install/arduinobot_cpp_examples/share/colcon-core/packages/arduinobot_cpp_examples)
[1.984s] Level 1:colcon.colcon_core.environment:create_environment_scripts_only(arduinobot_description)
[1.984s] Level 1:colcon.colcon_core.environment:checking '/mnt/c/Users/nacho/OneDrive/Escritorio/Uni/Trabajo/TutorialROS2/arduinobot_ws/install/arduinobot_description' for CMake module files
[1.990s] DEBUG:colcon.colcon_core.event_handler.log_command:Invoked command in '/mnt/c/Users/nacho/OneDrive/Escritorio/Uni/Trabajo/TutorialROS2/arduinobot_ws/build/arduinobot_description' returned '0': CMAKE_PREFIX_PATH=${CMAKE_PREFIX_PATH}:/mnt/c/Users/nacho/OneDrive/Escritorio/Uni/Trabajo/TutorialROS2/arduinobot_ws/install/arduinobot_py_examples:/opt/ros/jazzy /usr/bin/cmake --install /mnt/c/Users/nacho/OneDrive/Escritorio/Uni/Trabajo/TutorialROS2/arduinobot_ws/build/arduinobot_description
[2.041s] Level 1:colcon.colcon_core.environment:checking '/mnt/c/Users/nacho/OneDrive/Escritorio/Uni/Trabajo/TutorialROS2/arduinobot_ws/install/arduinobot_description' for CMake config files
[2.085s] Level 1:colcon.colcon_core.shell:create_environment_hook('arduinobot_description', 'cmake_prefix_path')
[2.086s] INFO:colcon.colcon_core.shell:Creating environment hook '/mnt/c/Users/nacho/OneDrive/Escritorio/Uni/Trabajo/TutorialROS2/arduinobot_ws/install/arduinobot_description/share/arduinobot_description/hook/cmake_prefix_path.ps1'
[2.104s] INFO:colcon.colcon_core.shell:Creating environment descriptor '/mnt/c/Users/nacho/OneDrive/Escritorio/Uni/Trabajo/TutorialROS2/arduinobot_ws/install/arduinobot_description/share/arduinobot_description/hook/cmake_prefix_path.dsv'
[2.119s] INFO:colcon.colcon_core.shell:Creating environment hook '/mnt/c/Users/nacho/OneDrive/Escritorio/Uni/Trabajo/TutorialROS2/arduinobot_ws/install/arduinobot_description/share/arduinobot_description/hook/cmake_prefix_path.sh'
[2.134s] Level 1:colcon.colcon_core.environment:checking '/mnt/c/Users/nacho/OneDrive/Escritorio/Uni/Trabajo/TutorialROS2/arduinobot_ws/install/arduinobot_description/bin'
[2.135s] Level 1:colcon.colcon_core.environment:checking '/mnt/c/Users/nacho/OneDrive/Escritorio/Uni/Trabajo/TutorialROS2/arduinobot_ws/install/arduinobot_description/lib/pkgconfig/arduinobot_description.pc'
[2.139s] Level 1:colcon.colcon_core.environment:checking '/mnt/c/Users/nacho/OneDrive/Escritorio/Uni/Trabajo/TutorialROS2/arduinobot_ws/install/arduinobot_description/lib/python3.12/site-packages'
[2.141s] Level 1:colcon.colcon_core.environment:checking '/mnt/c/Users/nacho/OneDrive/Escritorio/Uni/Trabajo/TutorialROS2/arduinobot_ws/install/arduinobot_description/bin'
[2.142s] INFO:colcon.colcon_core.shell:Creating package script '/mnt/c/Users/nacho/OneDrive/Escritorio/Uni/Trabajo/TutorialROS2/arduinobot_ws/install/arduinobot_description/share/arduinobot_description/package.ps1'
[2.151s] INFO:colcon.colcon_core.shell:Creating package descriptor '/mnt/c/Users/nacho/OneDrive/Escritorio/Uni/Trabajo/TutorialROS2/arduinobot_ws/install/arduinobot_description/share/arduinobot_description/package.dsv'
[2.159s] INFO:colcon.colcon_core.shell:Creating package script '/mnt/c/Users/nacho/OneDrive/Escritorio/Uni/Trabajo/TutorialROS2/arduinobot_ws/install/arduinobot_description/share/arduinobot_description/package.sh'
[2.165s] INFO:colcon.colcon_core.shell:Creating package script '/mnt/c/Users/nacho/OneDrive/Escritorio/Uni/Trabajo/TutorialROS2/arduinobot_ws/install/arduinobot_description/share/arduinobot_description/package.bash'
[2.173s] INFO:colcon.colcon_core.shell:Creating package script '/mnt/c/Users/nacho/OneDrive/Escritorio/Uni/Trabajo/TutorialROS2/arduinobot_ws/install/arduinobot_description/share/arduinobot_description/package.zsh'
[2.180s] Level 1:colcon.colcon_core.environment:create_file_with_runtime_dependencies(/mnt/c/Users/nacho/OneDrive/Escritorio/Uni/Trabajo/TutorialROS2/arduinobot_ws/install/arduinobot_description/share/colcon-core/packages/arduinobot_description)
[2.197s] Level 1:colcon.colcon_core.environment:create_environment_scripts_only(arduinobot_description)
[2.198s] Level 1:colcon.colcon_core.environment:checking '/mnt/c/Users/nacho/OneDrive/Escritorio/Uni/Trabajo/TutorialROS2/arduinobot_ws/install/arduinobot_description' for CMake module files
[2.246s] Level 1:colcon.colcon_core.environment:checking '/mnt/c/Users/nacho/OneDrive/Escritorio/Uni/Trabajo/TutorialROS2/arduinobot_ws/install/arduinobot_description' for CMake config files
[2.277s] Level 1:colcon.colcon_core.shell:create_environment_hook('arduinobot_description', 'cmake_prefix_path')
[2.277s] INFO:colcon.colcon_core.shell:Creating environment hook '/mnt/c/Users/nacho/OneDrive/Escritorio/Uni/Trabajo/TutorialROS2/arduinobot_ws/install/arduinobot_description/share/arduinobot_description/hook/cmake_prefix_path.ps1'
[2.282s] INFO:colcon.colcon_core.shell:Creating environment descriptor '/mnt/c/Users/nacho/OneDrive/Escritorio/Uni/Trabajo/TutorialROS2/arduinobot_ws/install/arduinobot_description/share/arduinobot_description/hook/cmake_prefix_path.dsv'
[2.288s] INFO:colcon.colcon_core.shell:Creating environment hook '/mnt/c/Users/nacho/OneDrive/Escritorio/Uni/Trabajo/TutorialROS2/arduinobot_ws/install/arduinobot_description/share/arduinobot_description/hook/cmake_prefix_path.sh'
[2.295s] Level 1:colcon.colcon_core.environment:checking '/mnt/c/Users/nacho/OneDrive/Escritorio/Uni/Trabajo/TutorialROS2/arduinobot_ws/install/arduinobot_description/bin'
[2.296s] Level 1:colcon.colcon_core.environment:checking '/mnt/c/Users/nacho/OneDrive/Escritorio/Uni/Trabajo/TutorialROS2/arduinobot_ws/install/arduinobot_description/lib/pkgconfig/arduinobot_description.pc'
[2.296s] Level 1:colcon.colcon_core.environment:checking '/mnt/c/Users/nacho/OneDrive/Escritorio/Uni/Trabajo/TutorialROS2/arduinobot_ws/install/arduinobot_description/lib/python3.12/site-packages'
[2.297s] Level 1:colcon.colcon_core.environment:checking '/mnt/c/Users/nacho/OneDrive/Escritorio/Uni/Trabajo/TutorialROS2/arduinobot_ws/install/arduinobot_description/bin'
[2.298s] INFO:colcon.colcon_core.shell:Creating package script '/mnt/c/Users/nacho/OneDrive/Escritorio/Uni/Trabajo/TutorialROS2/arduinobot_ws/install/arduinobot_description/share/arduinobot_description/package.ps1'
[2.323s] INFO:colcon.colcon_core.shell:Creating package descriptor '/mnt/c/Users/nacho/OneDrive/Escritorio/Uni/Trabajo/TutorialROS2/arduinobot_ws/install/arduinobot_description/share/arduinobot_description/package.dsv'
[2.328s] INFO:colcon.colcon_core.shell:Creating package script '/mnt/c/Users/nacho/OneDrive/Escritorio/Uni/Trabajo/TutorialROS2/arduinobot_ws/install/arduinobot_description/share/arduinobot_description/package.sh'
[2.334s] INFO:colcon.colcon_core.shell:Creating package script '/mnt/c/Users/nacho/OneDrive/Escritorio/Uni/Trabajo/TutorialROS2/arduinobot_ws/install/arduinobot_description/share/arduinobot_description/package.bash'
[2.342s] INFO:colcon.colcon_core.shell:Creating package script '/mnt/c/Users/nacho/OneDrive/Escritorio/Uni/Trabajo/TutorialROS2/arduinobot_ws/install/arduinobot_description/share/arduinobot_description/package.zsh'
[2.347s] Level 1:colcon.colcon_core.environment:create_file_with_runtime_dependencies(/mnt/c/Users/nacho/OneDrive/Escritorio/Uni/Trabajo/TutorialROS2/arduinobot_ws/install/arduinobot_description/share/colcon-core/packages/arduinobot_description)
[2.365s] DEBUG:colcon.colcon_core.event_handler.log_command:Invoking command in '/mnt/c/Users/nacho/OneDrive/Escritorio/Uni/Trabajo/TutorialROS2/arduinobot_ws/src/arduinobot_py_examples': PYTHONPATH=/mnt/c/Users/nacho/OneDrive/Escritorio/Uni/Trabajo/TutorialROS2/arduinobot_ws/build/arduinobot_py_examples/prefix_override:/usr/lib/python3/dist-packages/colcon_core/task/python/colcon_distutils_commands:/mnt/c/Users/nacho/OneDrive/Escritorio/Uni/Trabajo/TutorialROS2/arduinobot_ws/install/arduinobot_py_examples/lib/python3.12/site-packages:${PYTHONPATH} /usr/bin/python3 -W ignore:setup.py install is deprecated -W ignore:easy_install command is deprecated setup.py egg_info --egg-base ../../build/arduinobot_py_examples build --build-base /mnt/c/Users/nacho/OneDrive/Escritorio/Uni/Trabajo/TutorialROS2/arduinobot_ws/build/arduinobot_py_examples/build install --record /mnt/c/Users/nacho/OneDrive/Escritorio/Uni/Trabajo/TutorialROS2/arduinobot_ws/build/arduinobot_py_examples/install.log --single-version-externally-managed install_data
[3.474s] Level 1:colcon.colcon_core.environment:checking '/mnt/c/Users/nacho/OneDrive/Escritorio/Uni/Trabajo/TutorialROS2/arduinobot_ws/install/arduinobot_py_examples' for CMake module files
[3.475s] DEBUG:colcon.colcon_core.event_handler.log_command:Invoked command in '/mnt/c/Users/nacho/OneDrive/Escritorio/Uni/Trabajo/TutorialROS2/arduinobot_ws/src/arduinobot_py_examples' returned '0': PYTHONPATH=/mnt/c/Users/nacho/OneDrive/Escritorio/Uni/Trabajo/TutorialROS2/arduinobot_ws/build/arduinobot_py_examples/prefix_override:/usr/lib/python3/dist-packages/colcon_core/task/python/colcon_distutils_commands:/mnt/c/Users/nacho/OneDrive/Escritorio/Uni/Trabajo/TutorialROS2/arduinobot_ws/install/arduinobot_py_examples/lib/python3.12/site-packages:${PYTHONPATH} /usr/bin/python3 -W ignore:setup.py install is deprecated -W ignore:easy_install command is deprecated setup.py egg_info --egg-base ../../build/arduinobot_py_examples build --build-base /mnt/c/Users/nacho/OneDrive/Escritorio/Uni/Trabajo/TutorialROS2/arduinobot_ws/build/arduinobot_py_examples/build install --record /mnt/c/Users/nacho/OneDrive/Escritorio/Uni/Trabajo/TutorialROS2/arduinobot_ws/build/arduinobot_py_examples/install.log --single-version-externally-managed install_data
[3.506s] Level 1:colcon.colcon_core.environment:checking '/mnt/c/Users/nacho/OneDrive/Escritorio/Uni/Trabajo/TutorialROS2/arduinobot_ws/install/arduinobot_py_examples' for CMake config files
[3.542s] Level 1:colcon.colcon_core.environment:checking '/mnt/c/Users/nacho/OneDrive/Escritorio/Uni/Trabajo/TutorialROS2/arduinobot_ws/install/arduinobot_py_examples/lib'
[3.543s] Level 1:colcon.colcon_core.environment:checking '/mnt/c/Users/nacho/OneDrive/Escritorio/Uni/Trabajo/TutorialROS2/arduinobot_ws/install/arduinobot_py_examples/bin'
[3.544s] Level 1:colcon.colcon_core.environment:checking '/mnt/c/Users/nacho/OneDrive/Escritorio/Uni/Trabajo/TutorialROS2/arduinobot_ws/install/arduinobot_py_examples/lib/pkgconfig/arduinobot_py_examples.pc'
[3.545s] Level 1:colcon.colcon_core.environment:checking '/mnt/c/Users/nacho/OneDrive/Escritorio/Uni/Trabajo/TutorialROS2/arduinobot_ws/install/arduinobot_py_examples/lib/python3.12/site-packages'
[3.546s] Level 1:colcon.colcon_core.shell:create_environment_hook('arduinobot_py_examples', 'pythonpath')
[3.547s] INFO:colcon.colcon_core.shell:Creating environment hook '/mnt/c/Users/nacho/OneDrive/Escritorio/Uni/Trabajo/TutorialROS2/arduinobot_ws/install/arduinobot_py_examples/share/arduinobot_py_examples/hook/pythonpath.ps1'
[3.552s] INFO:colcon.colcon_core.shell:Creating environment descriptor '/mnt/c/Users/nacho/OneDrive/Escritorio/Uni/Trabajo/TutorialROS2/arduinobot_ws/install/arduinobot_py_examples/share/arduinobot_py_examples/hook/pythonpath.dsv'
[3.558s] INFO:colcon.colcon_core.shell:Creating environment hook '/mnt/c/Users/nacho/OneDrive/Escritorio/Uni/Trabajo/TutorialROS2/arduinobot_ws/install/arduinobot_py_examples/share/arduinobot_py_examples/hook/pythonpath.sh'
[3.564s] Level 1:colcon.colcon_core.environment:checking '/mnt/c/Users/nacho/OneDrive/Escritorio/Uni/Trabajo/TutorialROS2/arduinobot_ws/install/arduinobot_py_examples/bin'
[3.564s] Level 1:colcon.colcon_core.environment:create_environment_scripts_only(arduinobot_py_examples)
[3.564s] INFO:colcon.colcon_core.shell:Creating package script '/mnt/c/Users/nacho/OneDrive/Escritorio/Uni/Trabajo/TutorialROS2/arduinobot_ws/install/arduinobot_py_examples/share/arduinobot_py_examples/package.ps1'
[3.571s] INFO:colcon.colcon_core.shell:Creating package descriptor '/mnt/c/Users/nacho/OneDrive/Escritorio/Uni/Trabajo/TutorialROS2/arduinobot_ws/install/arduinobot_py_examples/share/arduinobot_py_examples/package.dsv'
[3.575s] INFO:colcon.colcon_core.shell:Creating package script '/mnt/c/Users/nacho/OneDrive/Escritorio/Uni/Trabajo/TutorialROS2/arduinobot_ws/install/arduinobot_py_examples/share/arduinobot_py_examples/package.sh'
[3.580s] INFO:colcon.colcon_core.shell:Creating package script '/mnt/c/Users/nacho/OneDrive/Escritorio/Uni/Trabajo/TutorialROS2/arduinobot_ws/install/arduinobot_py_examples/share/arduinobot_py_examples/package.bash'
[3.584s] INFO:colcon.colcon_core.shell:Creating package script '/mnt/c/Users/nacho/OneDrive/Escritorio/Uni/Trabajo/TutorialROS2/arduinobot_ws/install/arduinobot_py_examples/share/arduinobot_py_examples/package.zsh'
[3.589s] Level 1:colcon.colcon_core.environment:create_file_with_runtime_dependencies(/mnt/c/Users/nacho/OneDrive/Escritorio/Uni/Trabajo/TutorialROS2/arduinobot_ws/install/arduinobot_py_examples/share/colcon-core/packages/arduinobot_py_examples)
[3.593s] DEBUG:colcon.colcon_parallel_executor.executor.parallel:closing loop
[3.593s] DEBUG:colcon.colcon_parallel_executor.executor.parallel:loop closed
[3.594s] DEBUG:colcon.colcon_parallel_executor.executor.parallel:run_until_complete finished with '0'
[3.594s] DEBUG:colcon.colcon_core.event_reactor:joining thread
[3.633s] INFO:colcon.colcon_core.plugin_system:Skipping extension 'colcon_notification.desktop_notification.notify_send': Could not find 'notify-send'
[3.634s] INFO:colcon.colcon_core.plugin_system:Skipping extension 'colcon_notification.desktop_notification.terminal_notifier': Not used on non-Darwin systems
[3.634s] INFO:colcon.colcon_core.plugin_system:Skipping extension 'colcon_notification.desktop_notification.win32': Not used on non-Windows systems
[3.634s] INFO:colcon.colcon_notification.desktop_notification:Sending desktop notification using 'notify2'
[3.637s] DEBUG:colcon.colcon_notification.desktop_notification.notify2:Failed to initialize notify2: org.freedesktop.DBus.Error.ServiceUnknown: The name org.freedesktop.Notifications was not provided by any .service files
[3.638s] DEBUG:colcon.colcon_core.event_reactor:joined thread
[3.638s] INFO:colcon.colcon_core.shell:Creating prefix script '/mnt/c/Users/nacho/OneDrive/Escritorio/Uni/Trabajo/TutorialROS2/arduinobot_ws/install/local_setup.ps1'
[3.641s] INFO:colcon.colcon_core.shell:Creating prefix util module '/mnt/c/Users/nacho/OneDrive/Escritorio/Uni/Trabajo/TutorialROS2/arduinobot_ws/install/_local_setup_util_ps1.py'
[3.644s] INFO:colcon.colcon_core.shell:Creating prefix chain script '/mnt/c/Users/nacho/OneDrive/Escritorio/Uni/Trabajo/TutorialROS2/arduinobot_ws/install/setup.ps1'
[3.661s] INFO:colcon.colcon_core.shell:Creating prefix script '/mnt/c/Users/nacho/OneDrive/Escritorio/Uni/Trabajo/TutorialROS2/arduinobot_ws/install/local_setup.sh'
[3.664s] INFO:colcon.colcon_core.shell:Creating prefix util module '/mnt/c/Users/nacho/OneDrive/Escritorio/Uni/Trabajo/TutorialROS2/arduinobot_ws/install/_local_setup_util_sh.py'
[3.668s] INFO:colcon.colcon_core.shell:Creating prefix chain script '/mnt/c/Users/nacho/OneDrive/Escritorio/Uni/Trabajo/TutorialROS2/arduinobot_ws/install/setup.sh'
[3.686s] INFO:colcon.colcon_core.shell:Creating prefix script '/mnt/c/Users/nacho/OneDrive/Escritorio/Uni/Trabajo/TutorialROS2/arduinobot_ws/install/local_setup.bash'
[3.690s] INFO:colcon.colcon_core.shell:Creating prefix chain script '/mnt/c/Users/nacho/OneDrive/Escritorio/Uni/Trabajo/TutorialROS2/arduinobot_ws/install/setup.bash'
[3.704s] INFO:colcon.colcon_core.shell:Creating prefix script '/mnt/c/Users/nacho/OneDrive/Escritorio/Uni/Trabajo/TutorialROS2/arduinobot_ws/install/local_setup.zsh'
[3.707s] INFO:colcon.colcon_core.shell:Creating prefix chain script '/mnt/c/Users/nacho/OneDrive/Escritorio/Uni/Trabajo/TutorialROS2/arduinobot_ws/install/setup.zsh'
