[0.209s] DEBUG:colcon:Command line arguments: ['/usr/bin/colcon', 'build']
[0.209s] DEBUG:colcon:Parsed command line arguments: Namespace(log_base=None, log_level=None, verb_name='build', build_base='build', install_base='install', merge_install=False, symlink_install=False, test_result_base=None, continue_on_error=False, executor='parallel', parallel_workers=20, event_handlers=None, ignore_user_meta=False, metas=['./colcon.meta'], base_paths=['.'], packages_ignore=None, packages_ignore_regex=None, paths=None, packages_up_to=None, packages_up_to_regex=None, packages_above=None, packages_above_and_dependencies=None, packages_above_depth=None, packages_select_by_dep=None, packages_skip_by_dep=None, packages_skip_up_to=None, packages_select_build_failed=False, packages_skip_build_finished=False, packages_select_test_failures=False, packages_skip_test_passed=False, packages_select=None, packages_skip=None, packages_select_regex=None, packages_skip_regex=None, packages_start=None, packages_end=None, allow_overriding=[], cmake_args=None, cmake_target=None, cmake_target_skip_unavailable=False, cmake_clean_cache=False, cmake_clean_first=False, cmake_force_configure=False, ament_cmake_args=None, catkin_cmake_args=None, catkin_skip_building_tests=False, mixin_files=None, mixin=None, verb_parser=<colcon_mixin.mixin.mixin_argument.MixinArgumentDecorator object at 0x7fe5ad2ae840>, verb_extension=<colcon_core.verb.build.BuildVerb object at 0x7fe5ad2ae5a0>, main=<bound method BuildVerb.main of <colcon_core.verb.build.BuildVerb object at 0x7fe5ad2ae5a0>>, mixin_verb=('build',))
[0.258s] Level 1:colcon.colcon_core.package_discovery:discover_packages(colcon_meta) check parameters
[0.258s] Level 1:colcon.colcon_core.package_discovery:discover_packages(recursive) check parameters
[0.258s] Level 1:colcon.colcon_core.package_discovery:discover_packages(ignore) check parameters
[0.258s] Level 1:colcon.colcon_core.package_discovery:discover_packages(path) check parameters
[0.258s] Level 1:colcon.colcon_core.package_discovery:discover_packages(colcon_meta) discover
[0.258s] Level 1:colcon.colcon_core.package_discovery:discover_packages(recursive) discover
[0.258s] INFO:colcon.colcon_core.package_discovery:Crawling recursively for packages in '/mnt/c/Users/nacho/OneDrive/Escritorio/Uni/Trabajo/TutorialROS2/arduinobot_ws'
[0.259s] Level 1:colcon.colcon_core.package_identification:_identify(.) by extensions ['ignore', 'ignore_ament_install']
[0.259s] Level 1:colcon.colcon_core.package_identification:_identify(.) by extension 'ignore'
[0.260s] Level 1:colcon.colcon_core.package_identification:_identify(.) by extension 'ignore_ament_install'
[0.260s] Level 1:colcon.colcon_core.package_identification:_identify(.) by extensions ['colcon_pkg']
[0.260s] Level 1:colcon.colcon_core.package_identification:_identify(.) by extension 'colcon_pkg'
[0.260s] Level 1:colcon.colcon_core.package_identification:_identify(.) by extensions ['colcon_meta']
[0.260s] Level 1:colcon.colcon_core.package_identification:_identify(.) by extension 'colcon_meta'
[0.260s] Level 1:colcon.colcon_core.package_identification:_identify(.) by extensions ['ros']
[0.260s] Level 1:colcon.colcon_core.package_identification:_identify(.) by extension 'ros'
[0.289s] Level 1:colcon.colcon_core.package_identification:_identify(.) by extensions ['cmake', 'python']
[0.289s] Level 1:colcon.colcon_core.package_identification:_identify(.) by extension 'cmake'
[0.290s] Level 1:colcon.colcon_core.package_identification:_identify(.) by extension 'python'
[0.290s] Level 1:colcon.colcon_core.package_identification:_identify(.) by extensions ['python_setup_py']
[0.290s] Level 1:colcon.colcon_core.package_identification:_identify(.) by extension 'python_setup_py'
[0.291s] Level 1:colcon.colcon_core.package_identification:_identify(build) by extensions ['ignore', 'ignore_ament_install']
[0.291s] Level 1:colcon.colcon_core.package_identification:_identify(build) by extension 'ignore'
[0.292s] Level 1:colcon.colcon_core.package_identification:_identify(build) ignored
[0.293s] Level 1:colcon.colcon_core.package_identification:_identify(install) by extensions ['ignore', 'ignore_ament_install']
[0.293s] Level 1:colcon.colcon_core.package_identification:_identify(install) by extension 'ignore'
[0.294s] Level 1:colcon.colcon_core.package_identification:_identify(install) ignored
[0.295s] Level 1:colcon.colcon_core.package_identification:_identify(log) by extensions ['ignore', 'ignore_ament_install']
[0.295s] Level 1:colcon.colcon_core.package_identification:_identify(log) by extension 'ignore'
[0.296s] Level 1:colcon.colcon_core.package_identification:_identify(log) ignored
[0.297s] Level 1:colcon.colcon_core.package_identification:_identify(src) by extensions ['ignore', 'ignore_ament_install']
[0.297s] Level 1:colcon.colcon_core.package_identification:_identify(src) by extension 'ignore'
[0.297s] Level 1:colcon.colcon_core.package_identification:_identify(src) by extension 'ignore_ament_install'
[0.298s] Level 1:colcon.colcon_core.package_identification:_identify(src) by extensions ['colcon_pkg']
[0.298s] Level 1:colcon.colcon_core.package_identification:_identify(src) by extension 'colcon_pkg'
[0.299s] Level 1:colcon.colcon_core.package_identification:_identify(src) by extensions ['colcon_meta']
[0.300s] Level 1:colcon.colcon_core.package_identification:_identify(src) by extension 'colcon_meta'
[0.300s] Level 1:colcon.colcon_core.package_identification:_identify(src) by extensions ['ros']
[0.300s] Level 1:colcon.colcon_core.package_identification:_identify(src) by extension 'ros'
[0.301s] Level 1:colcon.colcon_core.package_identification:_identify(src) by extensions ['cmake', 'python']
[0.301s] Level 1:colcon.colcon_core.package_identification:_identify(src) by extension 'cmake'
[0.302s] Level 1:colcon.colcon_core.package_identification:_identify(src) by extension 'python'
[0.302s] Level 1:colcon.colcon_core.package_identification:_identify(src) by extensions ['python_setup_py']
[0.302s] Level 1:colcon.colcon_core.package_identification:_identify(src) by extension 'python_setup_py'
[0.304s] Level 1:colcon.colcon_core.package_identification:_identify(src/arduinobot_cpp_examples) by extensions ['ignore', 'ignore_ament_install']
[0.304s] Level 1:colcon.colcon_core.package_identification:_identify(src/arduinobot_cpp_examples) by extension 'ignore'
[0.305s] Level 1:colcon.colcon_core.package_identification:_identify(src/arduinobot_cpp_examples) by extension 'ignore_ament_install'
[0.306s] Level 1:colcon.colcon_core.package_identification:_identify(src/arduinobot_cpp_examples) by extensions ['colcon_pkg']
[0.306s] Level 1:colcon.colcon_core.package_identification:_identify(src/arduinobot_cpp_examples) by extension 'colcon_pkg'
[0.306s] Level 1:colcon.colcon_core.package_identification:_identify(src/arduinobot_cpp_examples) by extensions ['colcon_meta']
[0.306s] Level 1:colcon.colcon_core.package_identification:_identify(src/arduinobot_cpp_examples) by extension 'colcon_meta'
[0.307s] Level 1:colcon.colcon_core.package_identification:_identify(src/arduinobot_cpp_examples) by extensions ['ros']
[0.307s] Level 1:colcon.colcon_core.package_identification:_identify(src/arduinobot_cpp_examples) by extension 'ros'
[0.314s] DEBUG:colcon.colcon_core.package_identification:Package 'src/arduinobot_cpp_examples' with type 'ros.ament_cmake' and name 'arduinobot_cpp_examples'
[0.316s] Level 1:colcon.colcon_core.package_identification:_identify(src/arduinobot_py_examples) by extensions ['ignore', 'ignore_ament_install']
[0.316s] Level 1:colcon.colcon_core.package_identification:_identify(src/arduinobot_py_examples) by extension 'ignore'
[0.317s] Level 1:colcon.colcon_core.package_identification:_identify(src/arduinobot_py_examples) by extension 'ignore_ament_install'
[0.318s] Level 1:colcon.colcon_core.package_identification:_identify(src/arduinobot_py_examples) by extensions ['colcon_pkg']
[0.318s] Level 1:colcon.colcon_core.package_identification:_identify(src/arduinobot_py_examples) by extension 'colcon_pkg'
[0.319s] Level 1:colcon.colcon_core.package_identification:_identify(src/arduinobot_py_examples) by extensions ['colcon_meta']
[0.319s] Level 1:colcon.colcon_core.package_identification:_identify(src/arduinobot_py_examples) by extension 'colcon_meta'
[0.319s] Level 1:colcon.colcon_core.package_identification:_identify(src/arduinobot_py_examples) by extensions ['ros']
[0.319s] Level 1:colcon.colcon_core.package_identification:_identify(src/arduinobot_py_examples) by extension 'ros'
[0.324s] DEBUG:colcon.colcon_core.package_identification:Package 'src/arduinobot_py_examples' with type 'ros.ament_python' and name 'arduinobot_py_examples'
[0.324s] Level 1:colcon.colcon_core.package_discovery:discover_packages(recursive) using defaults
[0.325s] Level 1:colcon.colcon_core.package_discovery:discover_packages(ignore) discover
[0.325s] Level 1:colcon.colcon_core.package_discovery:discover_packages(ignore) using defaults
[0.325s] Level 1:colcon.colcon_core.package_discovery:discover_packages(path) discover
[0.325s] Level 1:colcon.colcon_core.package_discovery:discover_packages(path) using defaults
[0.358s] Level 1:colcon.colcon_core.package_discovery:discover_packages(prefix_path) check parameters
[0.359s] Level 1:colcon.colcon_core.package_discovery:discover_packages(prefix_path) discover
[0.380s] DEBUG:colcon.colcon_installed_package_information.package_discovery:Found 2 installed packages in /mnt/c/Users/nacho/OneDrive/Escritorio/Uni/Trabajo/TutorialROS2/arduinobot_ws/install
[0.381s] DEBUG:colcon.colcon_installed_package_information.package_discovery:Found 432 installed packages in /opt/ros/jazzy
[0.383s] Level 1:colcon.colcon_core.package_discovery:discover_packages(prefix_path) using defaults
[0.464s] Level 5:colcon.colcon_core.verb:set package 'arduinobot_cpp_examples' build argument 'cmake_args' from command line to 'None'
[0.464s] Level 5:colcon.colcon_core.verb:set package 'arduinobot_cpp_examples' build argument 'cmake_target' from command line to 'None'
[0.464s] Level 5:colcon.colcon_core.verb:set package 'arduinobot_cpp_examples' build argument 'cmake_target_skip_unavailable' from command line to 'False'
[0.464s] Level 5:colcon.colcon_core.verb:set package 'arduinobot_cpp_examples' build argument 'cmake_clean_cache' from command line to 'False'
[0.465s] Level 5:colcon.colcon_core.verb:set package 'arduinobot_cpp_examples' build argument 'cmake_clean_first' from command line to 'False'
[0.465s] Level 5:colcon.colcon_core.verb:set package 'arduinobot_cpp_examples' build argument 'cmake_force_configure' from command line to 'False'
[0.465s] Level 5:colcon.colcon_core.verb:set package 'arduinobot_cpp_examples' build argument 'ament_cmake_args' from command line to 'None'
[0.465s] Level 5:colcon.colcon_core.verb:set package 'arduinobot_cpp_examples' build argument 'catkin_cmake_args' from command line to 'None'
[0.465s] Level 5:colcon.colcon_core.verb:set package 'arduinobot_cpp_examples' build argument 'catkin_skip_building_tests' from command line to 'False'
[0.466s] DEBUG:colcon.colcon_core.verb:Building package 'arduinobot_cpp_examples' with the following arguments: {'ament_cmake_args': None, 'build_base': '/mnt/c/Users/nacho/OneDrive/Escritorio/Uni/Trabajo/TutorialROS2/arduinobot_ws/build/arduinobot_cpp_examples', 'catkin_cmake_args': None, 'catkin_skip_building_tests': False, 'cmake_args': None, 'cmake_clean_cache': False, 'cmake_clean_first': False, 'cmake_force_configure': False, 'cmake_target': None, 'cmake_target_skip_unavailable': False, 'install_base': '/mnt/c/Users/nacho/OneDrive/Escritorio/Uni/Trabajo/TutorialROS2/arduinobot_ws/install/arduinobot_cpp_examples', 'merge_install': False, 'path': '/mnt/c/Users/nacho/OneDrive/Escritorio/Uni/Trabajo/TutorialROS2/arduinobot_ws/src/arduinobot_cpp_examples', 'symlink_install': False, 'test_result_base': None}
[0.466s] Level 5:colcon.colcon_core.verb:set package 'arduinobot_py_examples' build argument 'cmake_args' from command line to 'None'
[0.466s] Level 5:colcon.colcon_core.verb:set package 'arduinobot_py_examples' build argument 'cmake_target' from command line to 'None'
[0.467s] Level 5:colcon.colcon_core.verb:set package 'arduinobot_py_examples' build argument 'cmake_target_skip_unavailable' from command line to 'False'
[0.467s] Level 5:colcon.colcon_core.verb:set package 'arduinobot_py_examples' build argument 'cmake_clean_cache' from command line to 'False'
[0.467s] Level 5:colcon.colcon_core.verb:set package 'arduinobot_py_examples' build argument 'cmake_clean_first' from command line to 'False'
[0.467s] Level 5:colcon.colcon_core.verb:set package 'arduinobot_py_examples' build argument 'cmake_force_configure' from command line to 'False'
[0.467s] Level 5:colcon.colcon_core.verb:set package 'arduinobot_py_examples' build argument 'ament_cmake_args' from command line to 'None'
[0.467s] Level 5:colcon.colcon_core.verb:set package 'arduinobot_py_examples' build argument 'catkin_cmake_args' from command line to 'None'
[0.467s] Level 5:colcon.colcon_core.verb:set package 'arduinobot_py_examples' build argument 'catkin_skip_building_tests' from command line to 'False'
[0.467s] DEBUG:colcon.colcon_core.verb:Building package 'arduinobot_py_examples' with the following arguments: {'ament_cmake_args': None, 'build_base': '/mnt/c/Users/nacho/OneDrive/Escritorio/Uni/Trabajo/TutorialROS2/arduinobot_ws/build/arduinobot_py_examples', 'catkin_cmake_args': None, 'catkin_skip_building_tests': False, 'cmake_args': None, 'cmake_clean_cache': False, 'cmake_clean_first': False, 'cmake_force_configure': False, 'cmake_target': None, 'cmake_target_skip_unavailable': False, 'install_base': '/mnt/c/Users/nacho/OneDrive/Escritorio/Uni/Trabajo/TutorialROS2/arduinobot_ws/install/arduinobot_py_examples', 'merge_install': False, 'path': '/mnt/c/Users/nacho/OneDrive/Escritorio/Uni/Trabajo/TutorialROS2/arduinobot_ws/src/arduinobot_py_examples', 'symlink_install': False, 'test_result_base': None}
[0.467s] INFO:colcon.colcon_core.executor:Executing jobs using 'parallel' executor
[0.468s] DEBUG:colcon.colcon_parallel_executor.executor.parallel:run_until_complete
[0.468s] INFO:colcon.colcon_ros.task.ament_cmake.build:Building ROS package in '/mnt/c/Users/nacho/OneDrive/Escritorio/Uni/Trabajo/TutorialROS2/arduinobot_ws/src/arduinobot_cpp_examples' with build type 'ament_cmake'
[0.469s] INFO:colcon.colcon_cmake.task.cmake.build:Building CMake package in '/mnt/c/Users/nacho/OneDrive/Escritorio/Uni/Trabajo/TutorialROS2/arduinobot_ws/src/arduinobot_cpp_examples'
[0.475s] INFO:colcon.colcon_core.plugin_system:Skipping extension 'colcon_core.shell.bat': Not used on non-Windows systems
[0.476s] INFO:colcon.colcon_core.shell:Skip shell extension 'powershell' for command environment: Not usable outside of PowerShell
[0.476s] DEBUG:colcon.colcon_core.shell:Skip shell extension 'dsv' for command environment
[0.511s] INFO:colcon.colcon_ros.task.ament_python.build:Building ROS package in '/mnt/c/Users/nacho/OneDrive/Escritorio/Uni/Trabajo/TutorialROS2/arduinobot_ws/src/arduinobot_py_examples' with build type 'ament_python'
[0.511s] Level 1:colcon.colcon_core.shell:create_environment_hook('arduinobot_py_examples', 'ament_prefix_path')
[0.512s] INFO:colcon.colcon_core.shell:Creating environment hook '/mnt/c/Users/nacho/OneDrive/Escritorio/Uni/Trabajo/TutorialROS2/arduinobot_ws/install/arduinobot_py_examples/share/arduinobot_py_examples/hook/ament_prefix_path.ps1'
[0.519s] INFO:colcon.colcon_core.shell:Creating environment descriptor '/mnt/c/Users/nacho/OneDrive/Escritorio/Uni/Trabajo/TutorialROS2/arduinobot_ws/install/arduinobot_py_examples/share/arduinobot_py_examples/hook/ament_prefix_path.dsv'
[0.527s] INFO:colcon.colcon_core.shell:Creating environment hook '/mnt/c/Users/nacho/OneDrive/Escritorio/Uni/Trabajo/TutorialROS2/arduinobot_ws/install/arduinobot_py_examples/share/arduinobot_py_examples/hook/ament_prefix_path.sh'
[0.535s] INFO:colcon.colcon_core.shell:Skip shell extension 'powershell' for command environment: Not usable outside of PowerShell
[0.535s] DEBUG:colcon.colcon_core.shell:Skip shell extension 'dsv' for command environment
[0.585s] DEBUG:colcon.colcon_core.event_handler.log_command:Invoking command in '/mnt/c/Users/nacho/OneDrive/Escritorio/Uni/Trabajo/TutorialROS2/arduinobot_ws/build/arduinobot_cpp_examples': CMAKE_PREFIX_PATH=${CMAKE_PREFIX_PATH}:/mnt/c/Users/nacho/OneDrive/Escritorio/Uni/Trabajo/TutorialROS2/arduinobot_ws/install/arduinobot_py_examples:/opt/ros/jazzy /usr/bin/cmake --build /mnt/c/Users/nacho/OneDrive/Escritorio/Uni/Trabajo/TutorialROS2/arduinobot_ws/build/arduinobot_cpp_examples -- -j20 -l20
[0.879s] INFO:colcon.colcon_core.task.python.build:Building Python package in '/mnt/c/Users/nacho/OneDrive/Escritorio/Uni/Trabajo/TutorialROS2/arduinobot_ws/src/arduinobot_py_examples'
[0.880s] INFO:colcon.colcon_core.shell:Skip shell extension 'powershell' for command environment: Not usable outside of PowerShell
[0.880s] DEBUG:colcon.colcon_core.shell:Skip shell extension 'dsv' for command environment
[1.825s] DEBUG:colcon.colcon_core.event_handler.log_command:Invoking command in '/mnt/c/Users/nacho/OneDrive/Escritorio/Uni/Trabajo/TutorialROS2/arduinobot_ws/src/arduinobot_py_examples': PYTHONPATH=/mnt/c/Users/nacho/OneDrive/Escritorio/Uni/Trabajo/TutorialROS2/arduinobot_ws/build/arduinobot_py_examples/prefix_override:/usr/lib/python3/dist-packages/colcon_core/task/python/colcon_distutils_commands:/mnt/c/Users/nacho/OneDrive/Escritorio/Uni/Trabajo/TutorialROS2/arduinobot_ws/install/arduinobot_py_examples/lib/python3.12/site-packages:${PYTHONPATH} /usr/bin/python3 -W ignore:setup.py install is deprecated -W ignore:easy_install command is deprecated setup.py egg_info --egg-base ../../build/arduinobot_py_examples build --build-base /mnt/c/Users/nacho/OneDrive/Escritorio/Uni/Trabajo/TutorialROS2/arduinobot_ws/build/arduinobot_py_examples/build install --record /mnt/c/Users/nacho/OneDrive/Escritorio/Uni/Trabajo/TutorialROS2/arduinobot_ws/build/arduinobot_py_examples/install.log --single-version-externally-managed install_data
[2.740s] DEBUG:colcon.colcon_core.event_handler.log_command:Invoked command in '/mnt/c/Users/nacho/OneDrive/Escritorio/Uni/Trabajo/TutorialROS2/arduinobot_ws/src/arduinobot_py_examples' returned '0': PYTHONPATH=/mnt/c/Users/nacho/OneDrive/Escritorio/Uni/Trabajo/TutorialROS2/arduinobot_ws/build/arduinobot_py_examples/prefix_override:/usr/lib/python3/dist-packages/colcon_core/task/python/colcon_distutils_commands:/mnt/c/Users/nacho/OneDrive/Escritorio/Uni/Trabajo/TutorialROS2/arduinobot_ws/install/arduinobot_py_examples/lib/python3.12/site-packages:${PYTHONPATH} /usr/bin/python3 -W ignore:setup.py install is deprecated -W ignore:easy_install command is deprecated setup.py egg_info --egg-base ../../build/arduinobot_py_examples build --build-base /mnt/c/Users/nacho/OneDrive/Escritorio/Uni/Trabajo/TutorialROS2/arduinobot_ws/build/arduinobot_py_examples/build install --record /mnt/c/Users/nacho/OneDrive/Escritorio/Uni/Trabajo/TutorialROS2/arduinobot_ws/build/arduinobot_py_examples/install.log --single-version-externally-managed install_data
[2.749s] Level 1:colcon.colcon_core.environment:checking '/mnt/c/Users/nacho/OneDrive/Escritorio/Uni/Trabajo/TutorialROS2/arduinobot_ws/install/arduinobot_py_examples' for CMake module files
[2.778s] Level 1:colcon.colcon_core.environment:checking '/mnt/c/Users/nacho/OneDrive/Escritorio/Uni/Trabajo/TutorialROS2/arduinobot_ws/install/arduinobot_py_examples' for CMake config files
[2.831s] Level 1:colcon.colcon_core.environment:checking '/mnt/c/Users/nacho/OneDrive/Escritorio/Uni/Trabajo/TutorialROS2/arduinobot_ws/install/arduinobot_py_examples/lib'
[2.833s] Level 1:colcon.colcon_core.environment:checking '/mnt/c/Users/nacho/OneDrive/Escritorio/Uni/Trabajo/TutorialROS2/arduinobot_ws/install/arduinobot_py_examples/bin'
[2.834s] Level 1:colcon.colcon_core.environment:checking '/mnt/c/Users/nacho/OneDrive/Escritorio/Uni/Trabajo/TutorialROS2/arduinobot_ws/install/arduinobot_py_examples/lib/pkgconfig/arduinobot_py_examples.pc'
[2.835s] Level 1:colcon.colcon_core.environment:checking '/mnt/c/Users/nacho/OneDrive/Escritorio/Uni/Trabajo/TutorialROS2/arduinobot_ws/install/arduinobot_py_examples/lib/python3.12/site-packages'
[2.836s] Level 1:colcon.colcon_core.shell:create_environment_hook('arduinobot_py_examples', 'pythonpath')
[2.837s] INFO:colcon.colcon_core.shell:Creating environment hook '/mnt/c/Users/nacho/OneDrive/Escritorio/Uni/Trabajo/TutorialROS2/arduinobot_ws/install/arduinobot_py_examples/share/arduinobot_py_examples/hook/pythonpath.ps1'
[2.845s] INFO:colcon.colcon_core.shell:Creating environment descriptor '/mnt/c/Users/nacho/OneDrive/Escritorio/Uni/Trabajo/TutorialROS2/arduinobot_ws/install/arduinobot_py_examples/share/arduinobot_py_examples/hook/pythonpath.dsv'
[2.853s] INFO:colcon.colcon_core.shell:Creating environment hook '/mnt/c/Users/nacho/OneDrive/Escritorio/Uni/Trabajo/TutorialROS2/arduinobot_ws/install/arduinobot_py_examples/share/arduinobot_py_examples/hook/pythonpath.sh'
[2.889s] Level 1:colcon.colcon_core.environment:checking '/mnt/c/Users/nacho/OneDrive/Escritorio/Uni/Trabajo/TutorialROS2/arduinobot_ws/install/arduinobot_py_examples/bin'
[2.890s] Level 1:colcon.colcon_core.environment:create_environment_scripts_only(arduinobot_py_examples)
[2.890s] INFO:colcon.colcon_core.shell:Creating package script '/mnt/c/Users/nacho/OneDrive/Escritorio/Uni/Trabajo/TutorialROS2/arduinobot_ws/install/arduinobot_py_examples/share/arduinobot_py_examples/package.ps1'
[2.898s] INFO:colcon.colcon_core.shell:Creating package descriptor '/mnt/c/Users/nacho/OneDrive/Escritorio/Uni/Trabajo/TutorialROS2/arduinobot_ws/install/arduinobot_py_examples/share/arduinobot_py_examples/package.dsv'
[2.906s] INFO:colcon.colcon_core.shell:Creating package script '/mnt/c/Users/nacho/OneDrive/Escritorio/Uni/Trabajo/TutorialROS2/arduinobot_ws/install/arduinobot_py_examples/share/arduinobot_py_examples/package.sh'
[2.914s] INFO:colcon.colcon_core.shell:Creating package script '/mnt/c/Users/nacho/OneDrive/Escritorio/Uni/Trabajo/TutorialROS2/arduinobot_ws/install/arduinobot_py_examples/share/arduinobot_py_examples/package.bash'
[2.921s] INFO:colcon.colcon_core.shell:Creating package script '/mnt/c/Users/nacho/OneDrive/Escritorio/Uni/Trabajo/TutorialROS2/arduinobot_ws/install/arduinobot_py_examples/share/arduinobot_py_examples/package.zsh'
[2.935s] Level 1:colcon.colcon_core.environment:create_file_with_runtime_dependencies(/mnt/c/Users/nacho/OneDrive/Escritorio/Uni/Trabajo/TutorialROS2/arduinobot_ws/install/arduinobot_py_examples/share/colcon-core/packages/arduinobot_py_examples)
[2.958s] DEBUG:colcon.colcon_core.event_handler.log_command:Invoked command in '/mnt/c/Users/nacho/OneDrive/Escritorio/Uni/Trabajo/TutorialROS2/arduinobot_ws/build/arduinobot_cpp_examples' returned '2': CMAKE_PREFIX_PATH=${CMAKE_PREFIX_PATH}:/mnt/c/Users/nacho/OneDrive/Escritorio/Uni/Trabajo/TutorialROS2/arduinobot_ws/install/arduinobot_py_examples:/opt/ros/jazzy /usr/bin/cmake --build /mnt/c/Users/nacho/OneDrive/Escritorio/Uni/Trabajo/TutorialROS2/arduinobot_ws/build/arduinobot_cpp_examples -- -j20 -l20
[2.975s] Level 1:colcon.colcon_core.environment:create_environment_scripts_only(arduinobot_cpp_examples)
[2.975s] Level 1:colcon.colcon_core.environment:checking '/mnt/c/Users/nacho/OneDrive/Escritorio/Uni/Trabajo/TutorialROS2/arduinobot_ws/install/arduinobot_cpp_examples' for CMake module files
[3.098s] Level 1:colcon.colcon_core.environment:checking '/mnt/c/Users/nacho/OneDrive/Escritorio/Uni/Trabajo/TutorialROS2/arduinobot_ws/install/arduinobot_cpp_examples' for CMake config files
[3.149s] Level 1:colcon.colcon_core.shell:create_environment_hook('arduinobot_cpp_examples', 'cmake_prefix_path')
[3.150s] INFO:colcon.colcon_core.shell:Creating environment hook '/mnt/c/Users/nacho/OneDrive/Escritorio/Uni/Trabajo/TutorialROS2/arduinobot_ws/install/arduinobot_cpp_examples/share/arduinobot_cpp_examples/hook/cmake_prefix_path.ps1'
[3.158s] INFO:colcon.colcon_core.shell:Creating environment descriptor '/mnt/c/Users/nacho/OneDrive/Escritorio/Uni/Trabajo/TutorialROS2/arduinobot_ws/install/arduinobot_cpp_examples/share/arduinobot_cpp_examples/hook/cmake_prefix_path.dsv'
[3.166s] INFO:colcon.colcon_core.shell:Creating environment hook '/mnt/c/Users/nacho/OneDrive/Escritorio/Uni/Trabajo/TutorialROS2/arduinobot_ws/install/arduinobot_cpp_examples/share/arduinobot_cpp_examples/hook/cmake_prefix_path.sh'
[3.175s] Level 1:colcon.colcon_core.environment:checking '/mnt/c/Users/nacho/OneDrive/Escritorio/Uni/Trabajo/TutorialROS2/arduinobot_ws/install/arduinobot_cpp_examples/lib'
[3.177s] Level 1:colcon.colcon_core.environment:checking '/mnt/c/Users/nacho/OneDrive/Escritorio/Uni/Trabajo/TutorialROS2/arduinobot_ws/install/arduinobot_cpp_examples/bin'
[3.178s] Level 1:colcon.colcon_core.environment:checking '/mnt/c/Users/nacho/OneDrive/Escritorio/Uni/Trabajo/TutorialROS2/arduinobot_ws/install/arduinobot_cpp_examples/lib/pkgconfig/arduinobot_cpp_examples.pc'
[3.179s] Level 1:colcon.colcon_core.environment:checking '/mnt/c/Users/nacho/OneDrive/Escritorio/Uni/Trabajo/TutorialROS2/arduinobot_ws/install/arduinobot_cpp_examples/lib/python3.12/site-packages'
[3.180s] Level 1:colcon.colcon_core.environment:checking '/mnt/c/Users/nacho/OneDrive/Escritorio/Uni/Trabajo/TutorialROS2/arduinobot_ws/install/arduinobot_cpp_examples/bin'
[3.181s] INFO:colcon.colcon_core.shell:Creating package script '/mnt/c/Users/nacho/OneDrive/Escritorio/Uni/Trabajo/TutorialROS2/arduinobot_ws/install/arduinobot_cpp_examples/share/arduinobot_cpp_examples/package.ps1'
[3.188s] INFO:colcon.colcon_core.shell:Creating package descriptor '/mnt/c/Users/nacho/OneDrive/Escritorio/Uni/Trabajo/TutorialROS2/arduinobot_ws/install/arduinobot_cpp_examples/share/arduinobot_cpp_examples/package.dsv'
[3.196s] INFO:colcon.colcon_core.shell:Creating package script '/mnt/c/Users/nacho/OneDrive/Escritorio/Uni/Trabajo/TutorialROS2/arduinobot_ws/install/arduinobot_cpp_examples/share/arduinobot_cpp_examples/package.sh'
[3.204s] INFO:colcon.colcon_core.shell:Creating package script '/mnt/c/Users/nacho/OneDrive/Escritorio/Uni/Trabajo/TutorialROS2/arduinobot_ws/install/arduinobot_cpp_examples/share/arduinobot_cpp_examples/package.bash'
[3.213s] INFO:colcon.colcon_core.shell:Creating package script '/mnt/c/Users/nacho/OneDrive/Escritorio/Uni/Trabajo/TutorialROS2/arduinobot_ws/install/arduinobot_cpp_examples/share/arduinobot_cpp_examples/package.zsh'
[3.220s] Level 1:colcon.colcon_core.environment:create_file_with_runtime_dependencies(/mnt/c/Users/nacho/OneDrive/Escritorio/Uni/Trabajo/TutorialROS2/arduinobot_ws/install/arduinobot_cpp_examples/share/colcon-core/packages/arduinobot_cpp_examples)
[3.235s] DEBUG:colcon.colcon_parallel_executor.executor.parallel:closing loop
[3.236s] DEBUG:colcon.colcon_parallel_executor.executor.parallel:loop closed
[3.236s] DEBUG:colcon.colcon_parallel_executor.executor.parallel:run_until_complete finished with '2'
[3.236s] DEBUG:colcon.colcon_core.event_reactor:joining thread
[3.278s] INFO:colcon.colcon_core.plugin_system:Skipping extension 'colcon_notification.desktop_notification.notify_send': Could not find 'notify-send'
[3.278s] INFO:colcon.colcon_core.plugin_system:Skipping extension 'colcon_notification.desktop_notification.terminal_notifier': Not used on non-Darwin systems
[3.278s] INFO:colcon.colcon_core.plugin_system:Skipping extension 'colcon_notification.desktop_notification.win32': Not used on non-Windows systems
[3.279s] INFO:colcon.colcon_notification.desktop_notification:Sending desktop notification using 'notify2'
[3.279s] DEBUG:colcon.colcon_notification.desktop_notification.notify2:Failed to initialize notify2: org.freedesktop.DBus.Error.ServiceUnknown: The name org.freedesktop.Notifications was not provided by any .service files
[3.280s] DEBUG:colcon.colcon_core.event_reactor:joined thread
[3.280s] INFO:colcon.colcon_core.shell:Creating prefix script '/mnt/c/Users/nacho/OneDrive/Escritorio/Uni/Trabajo/TutorialROS2/arduinobot_ws/install/local_setup.ps1'
[3.284s] INFO:colcon.colcon_core.shell:Creating prefix util module '/mnt/c/Users/nacho/OneDrive/Escritorio/Uni/Trabajo/TutorialROS2/arduinobot_ws/install/_local_setup_util_ps1.py'
[3.288s] INFO:colcon.colcon_core.shell:Creating prefix chain script '/mnt/c/Users/nacho/OneDrive/Escritorio/Uni/Trabajo/TutorialROS2/arduinobot_ws/install/setup.ps1'
[3.301s] INFO:colcon.colcon_core.shell:Creating prefix script '/mnt/c/Users/nacho/OneDrive/Escritorio/Uni/Trabajo/TutorialROS2/arduinobot_ws/install/local_setup.sh'
[3.304s] INFO:colcon.colcon_core.shell:Creating prefix util module '/mnt/c/Users/nacho/OneDrive/Escritorio/Uni/Trabajo/TutorialROS2/arduinobot_ws/install/_local_setup_util_sh.py'
[3.307s] INFO:colcon.colcon_core.shell:Creating prefix chain script '/mnt/c/Users/nacho/OneDrive/Escritorio/Uni/Trabajo/TutorialROS2/arduinobot_ws/install/setup.sh'
[3.319s] INFO:colcon.colcon_core.shell:Creating prefix script '/mnt/c/Users/nacho/OneDrive/Escritorio/Uni/Trabajo/TutorialROS2/arduinobot_ws/install/local_setup.bash'
[3.323s] INFO:colcon.colcon_core.shell:Creating prefix chain script '/mnt/c/Users/nacho/OneDrive/Escritorio/Uni/Trabajo/TutorialROS2/arduinobot_ws/install/setup.bash'
[3.334s] INFO:colcon.colcon_core.shell:Creating prefix script '/mnt/c/Users/nacho/OneDrive/Escritorio/Uni/Trabajo/TutorialROS2/arduinobot_ws/install/local_setup.zsh'
[3.340s] INFO:colcon.colcon_core.shell:Creating prefix chain script '/mnt/c/Users/nacho/OneDrive/Escritorio/Uni/Trabajo/TutorialROS2/arduinobot_ws/install/setup.zsh'
